{"D:\\Swivel_Projects\\Ignite\\Project 1\\backend\\ignite-auth-nodejs\\src\\dto\\request\\LoginRequestDto.ts": {"path":"D:\\Swivel_Projects\\Ignite\\Project 1\\backend\\ignite-auth-nodejs\\src\\dto\\request\\LoginRequestDto.ts","statementMap":{"0":{"start":{"line":1,"column":0},"end":{"line":1,"column":54}},"1":{"start":{"line":2,"column":0},"end":{"line":2,"column":42}},"2":{"start":{"line":7,"column":0},"end":{"line":7,"column":null}},"3":{"start":{"line":7,"column":37},"end":{"line":7,"column":47}},"4":{"start":{"line":13,"column":8},"end":{"line":13,"column":null}},"5":{"start":{"line":14,"column":8},"end":{"line":14,"column":27}},"6":{"start":{"line":15,"column":8},"end":{"line":15,"column":33}},"7":{"start":{"line":18,"column":11},"end":{"line":24,"column":null}},"8":{"start":{"line":19,"column":8},"end":{"line":20,"column":30}},"9":{"start":{"line":20,"column":12},"end":{"line":20,"column":30}},"10":{"start":{"line":21,"column":8},"end":{"line":22,"column":33}},"11":{"start":{"line":22,"column":12},"end":{"line":22,"column":33}},"12":{"start":{"line":23,"column":8},"end":{"line":23,"column":100}},"13":{"start":{"line":26,"column":11},"end":{"line":28,"column":null}},"14":{"start":{"line":27,"column":8},"end":{"line":27,"column":77}},"15":{"start":{"line":29,"column":0},"end":{"line":29,"column":null}},"16":{"start":{"line":7,"column":13},"end":{"line":7,"column":28}}},"fnMap":{"0":{"name":"(anonymous_6)","decl":{"start":{"line":7,"column":0},"end":{"line":7,"column":13}},"loc":{"start":{"line":7,"column":0},"end":{"line":29,"column":null}}},"1":{"name":"LoginRequestDto","decl":{"start":{"line":12,"column":4},"end":{"line":12,"column":23}},"loc":{"start":{"line":12,"column":54},"end":{"line":16,"column":5}}},"2":{"name":"(anonymous_8)","decl":{"start":{"line":18,"column":4},"end":{"line":18,"column":11}},"loc":{"start":{"line":18,"column":44},"end":{"line":24,"column":5}}},"3":{"name":"(anonymous_9)","decl":{"start":{"line":26,"column":4},"end":{"line":26,"column":11}},"loc":{"start":{"line":26,"column":4},"end":{"line":28,"column":5}}}},"branchMap":{"0":{"loc":{"start":{"line":13,"column":8},"end":{"line":13,"column":null}},"type":"binary-expr","locations":[{"start":{"line":13,"column":8},"end":{"line":13,"column":15}},{"start":{"line":13,"column":15},"end":{"line":13,"column":null}}]},"1":{"loc":{"start":{"line":19,"column":8},"end":{"line":20,"column":30}},"type":"if","locations":[{"start":{"line":19,"column":8},"end":{"line":20,"column":30}}]},"2":{"loc":{"start":{"line":21,"column":8},"end":{"line":22,"column":33}},"type":"if","locations":[{"start":{"line":21,"column":8},"end":{"line":22,"column":33}}]},"3":{"loc":{"start":{"line":27,"column":15},"end":{"line":27,"column":76}},"type":"binary-expr","locations":[{"start":{"line":27,"column":15},"end":{"line":27,"column":42}},{"start":{"line":27,"column":46},"end":{"line":27,"column":76}}]}},"s":{"0":1,"1":1,"2":1,"3":1,"4":1,"5":1,"6":1,"7":1,"8":2,"9":1,"10":1,"11":1,"12":0,"13":1,"14":0,"15":1,"16":1},"f":{"0":1,"1":1,"2":2,"3":0},"b":{"0":[1,1],"1":[1],"2":[1],"3":[0,0]}}
,"D:\\Swivel_Projects\\Ignite\\Project 1\\backend\\ignite-auth-nodejs\\src\\dto\\request\\PermissionCreateRequestDto.ts": {"path":"D:\\Swivel_Projects\\Ignite\\Project 1\\backend\\ignite-auth-nodejs\\src\\dto\\request\\PermissionCreateRequestDto.ts","statementMap":{"0":{"start":{"line":1,"column":0},"end":{"line":1,"column":54}},"1":{"start":{"line":3,"column":0},"end":{"line":3,"column":42}},"2":{"start":{"line":8,"column":0},"end":{"line":8,"column":null}},"3":{"start":{"line":8,"column":48},"end":{"line":8,"column":58}},"4":{"start":{"line":13,"column":8},"end":{"line":13,"column":null}},"5":{"start":{"line":14,"column":8},"end":{"line":14,"column":37}},"6":{"start":{"line":17,"column":11},"end":{"line":21,"column":null}},"7":{"start":{"line":18,"column":8},"end":{"line":19,"column":46}},"8":{"start":{"line":19,"column":12},"end":{"line":19,"column":46}},"9":{"start":{"line":20,"column":8},"end":{"line":20,"column":111}},"10":{"start":{"line":23,"column":11},"end":{"line":25,"column":null}},"11":{"start":{"line":24,"column":8},"end":{"line":24,"column":59}},"12":{"start":{"line":26,"column":0},"end":{"line":26,"column":null}},"13":{"start":{"line":8,"column":13},"end":{"line":8,"column":39}}},"fnMap":{"0":{"name":"(anonymous_6)","decl":{"start":{"line":8,"column":0},"end":{"line":8,"column":13}},"loc":{"start":{"line":8,"column":0},"end":{"line":26,"column":null}}},"1":{"name":"PermissionCreateRequestDto","decl":{"start":{"line":12,"column":4},"end":{"line":12,"column":23}},"loc":{"start":{"line":12,"column":49},"end":{"line":15,"column":5}}},"2":{"name":"(anonymous_8)","decl":{"start":{"line":17,"column":4},"end":{"line":17,"column":11}},"loc":{"start":{"line":17,"column":44},"end":{"line":21,"column":5}}},"3":{"name":"(anonymous_9)","decl":{"start":{"line":23,"column":4},"end":{"line":23,"column":11}},"loc":{"start":{"line":23,"column":4},"end":{"line":25,"column":5}}}},"branchMap":{"0":{"loc":{"start":{"line":13,"column":8},"end":{"line":13,"column":null}},"type":"binary-expr","locations":[{"start":{"line":13,"column":8},"end":{"line":13,"column":15}},{"start":{"line":13,"column":15},"end":{"line":13,"column":null}}]},"1":{"loc":{"start":{"line":18,"column":8},"end":{"line":19,"column":46}},"type":"if","locations":[{"start":{"line":18,"column":8},"end":{"line":19,"column":46}}]}},"s":{"0":6,"1":6,"2":6,"3":6,"4":0,"5":0,"6":6,"7":0,"8":0,"9":0,"10":6,"11":0,"12":6,"13":6},"f":{"0":6,"1":0,"2":0,"3":0},"b":{"0":[0,0],"1":[0]}}
,"D:\\Swivel_Projects\\Ignite\\Project 1\\backend\\ignite-auth-nodejs\\src\\dto\\request\\RequestDto.ts": {"path":"D:\\Swivel_Projects\\Ignite\\Project 1\\backend\\ignite-auth-nodejs\\src\\dto\\request\\RequestDto.ts","statementMap":{"0":{"start":{"line":6,"column":0},"end":{"line":6,"column":22}},"1":{"start":{"line":19,"column":14},"end":{"line":21,"column":null}},"2":{"start":{"line":20,"column":8},"end":{"line":20,"column":82}},"3":{"start":{"line":23,"column":4},"end":{"line":25,"column":null}},"4":{"start":{"line":24,"column":8},"end":{"line":24,"column":36}},"5":{"start":{"line":27,"column":0},"end":{"line":27,"column":null}},"6":{"start":{"line":6,"column":22},"end":{"line":6,"column":32}}},"fnMap":{"0":{"name":"(anonymous_0)","decl":{"start":{"line":6,"column":0},"end":{"line":6,"column":22}},"loc":{"start":{"line":6,"column":0},"end":{"line":27,"column":null}}},"1":{"name":"(anonymous_2)","decl":{"start":{"line":19,"column":4},"end":{"line":19,"column":14}},"loc":{"start":{"line":19,"column":38},"end":{"line":21,"column":5}}},"2":{"name":"(anonymous_3)","decl":{"start":{"line":23,"column":4},"end":{"line":23,"column":10}},"loc":{"start":{"line":23,"column":4},"end":{"line":25,"column":5}}}},"branchMap":{"0":{"loc":{"start":{"line":20,"column":15},"end":{"line":20,"column":81}},"type":"binary-expr","locations":[{"start":{"line":20,"column":15},"end":{"line":20,"column":34}},{"start":{"line":20,"column":38},"end":{"line":20,"column":52}},{"start":{"line":20,"column":56},"end":{"line":20,"column":81}}]}},"s":{"0":6,"1":6,"2":0,"3":6,"4":0,"5":6,"6":6},"f":{"0":7,"1":0,"2":0},"b":{"0":[0,0,0]}}
,"D:\\Swivel_Projects\\Ignite\\Project 1\\backend\\ignite-auth-nodejs\\src\\dto\\request\\RoleCreateRequestDto.ts": {"path":"D:\\Swivel_Projects\\Ignite\\Project 1\\backend\\ignite-auth-nodejs\\src\\dto\\request\\RoleCreateRequestDto.ts","statementMap":{"0":{"start":{"line":1,"column":0},"end":{"line":1,"column":54}},"1":{"start":{"line":4,"column":0},"end":{"line":4,"column":42}},"2":{"start":{"line":9,"column":0},"end":{"line":9,"column":null}},"3":{"start":{"line":9,"column":42},"end":{"line":9,"column":52}},"4":{"start":{"line":15,"column":8},"end":{"line":15,"column":null}},"5":{"start":{"line":16,"column":8},"end":{"line":16,"column":25}},"6":{"start":{"line":19,"column":11},"end":{"line":25,"column":null}},"7":{"start":{"line":20,"column":8},"end":{"line":21,"column":40}},"8":{"start":{"line":21,"column":12},"end":{"line":21,"column":40}},"9":{"start":{"line":22,"column":8},"end":{"line":23,"column":36}},"10":{"start":{"line":23,"column":12},"end":{"line":23,"column":36}},"11":{"start":{"line":24,"column":8},"end":{"line":24,"column":105}},"12":{"start":{"line":27,"column":11},"end":{"line":29,"column":null}},"13":{"start":{"line":28,"column":8},"end":{"line":28,"column":86}},"14":{"start":{"line":30,"column":0},"end":{"line":30,"column":null}},"15":{"start":{"line":9,"column":13},"end":{"line":9,"column":33}}},"fnMap":{"0":{"name":"(anonymous_6)","decl":{"start":{"line":9,"column":0},"end":{"line":9,"column":13}},"loc":{"start":{"line":9,"column":0},"end":{"line":30,"column":null}}},"1":{"name":"RoleCreateRequestDto","decl":{"start":{"line":14,"column":4},"end":{"line":14,"column":23}},"loc":{"start":{"line":14,"column":37},"end":{"line":17,"column":5}}},"2":{"name":"(anonymous_8)","decl":{"start":{"line":19,"column":4},"end":{"line":19,"column":11}},"loc":{"start":{"line":19,"column":44},"end":{"line":25,"column":5}}},"3":{"name":"(anonymous_9)","decl":{"start":{"line":27,"column":4},"end":{"line":27,"column":11}},"loc":{"start":{"line":27,"column":4},"end":{"line":29,"column":5}}}},"branchMap":{"0":{"loc":{"start":{"line":15,"column":8},"end":{"line":15,"column":null}},"type":"binary-expr","locations":[{"start":{"line":15,"column":8},"end":{"line":15,"column":15}},{"start":{"line":15,"column":15},"end":{"line":15,"column":null}}]},"1":{"loc":{"start":{"line":20,"column":8},"end":{"line":21,"column":40}},"type":"if","locations":[{"start":{"line":20,"column":8},"end":{"line":21,"column":40}}]},"2":{"loc":{"start":{"line":22,"column":8},"end":{"line":23,"column":36}},"type":"if","locations":[{"start":{"line":22,"column":8},"end":{"line":23,"column":36}}]},"3":{"loc":{"start":{"line":28,"column":15},"end":{"line":28,"column":85}},"type":"binary-expr","locations":[{"start":{"line":28,"column":15},"end":{"line":28,"column":52}},{"start":{"line":28,"column":56},"end":{"line":28,"column":85}}]}},"s":{"0":4,"1":4,"2":4,"3":4,"4":0,"5":0,"6":4,"7":0,"8":0,"9":0,"10":0,"11":0,"12":4,"13":0,"14":4,"15":4},"f":{"0":4,"1":0,"2":0,"3":0},"b":{"0":[0,0],"1":[0],"2":[0],"3":[0,0]}}
,"D:\\Swivel_Projects\\Ignite\\Project 1\\backend\\ignite-auth-nodejs\\src\\dto\\request\\UserCreateRequestDto.ts": {"path":"D:\\Swivel_Projects\\Ignite\\Project 1\\backend\\ignite-auth-nodejs\\src\\dto\\request\\UserCreateRequestDto.ts","statementMap":{"0":{"start":{"line":1,"column":0},"end":{"line":1,"column":54}},"1":{"start":{"line":3,"column":0},"end":{"line":3,"column":42}},"2":{"start":{"line":8,"column":0},"end":{"line":8,"column":null}},"3":{"start":{"line":8,"column":42},"end":{"line":8,"column":52}},"4":{"start":{"line":17,"column":8},"end":{"line":17,"column":null}},"5":{"start":{"line":18,"column":8},"end":{"line":18,"column":35}},"6":{"start":{"line":19,"column":8},"end":{"line":19,"column":33}},"7":{"start":{"line":20,"column":8},"end":{"line":20,"column":27}},"8":{"start":{"line":21,"column":8},"end":{"line":21,"column":33}},"9":{"start":{"line":24,"column":11},"end":{"line":36,"column":null}},"10":{"start":{"line":25,"column":8},"end":{"line":26,"column":34}},"11":{"start":{"line":26,"column":12},"end":{"line":26,"column":34}},"12":{"start":{"line":27,"column":8},"end":{"line":28,"column":33}},"13":{"start":{"line":28,"column":12},"end":{"line":28,"column":33}},"14":{"start":{"line":29,"column":8},"end":{"line":30,"column":30}},"15":{"start":{"line":30,"column":12},"end":{"line":30,"column":30}},"16":{"start":{"line":31,"column":8},"end":{"line":32,"column":33}},"17":{"start":{"line":32,"column":12},"end":{"line":32,"column":33}},"18":{"start":{"line":33,"column":8},"end":{"line":34,"column":30}},"19":{"start":{"line":34,"column":12},"end":{"line":34,"column":30}},"20":{"start":{"line":35,"column":8},"end":{"line":35,"column":105}},"21":{"start":{"line":38,"column":11},"end":{"line":42,"column":null}},"22":{"start":{"line":39,"column":8},"end":{"line":41,"column":32}},"23":{"start":{"line":43,"column":0},"end":{"line":43,"column":null}},"24":{"start":{"line":8,"column":13},"end":{"line":8,"column":33}}},"fnMap":{"0":{"name":"(anonymous_6)","decl":{"start":{"line":8,"column":0},"end":{"line":8,"column":13}},"loc":{"start":{"line":8,"column":0},"end":{"line":43,"column":null}}},"1":{"name":"UserCreateRequestDto","decl":{"start":{"line":16,"column":4},"end":{"line":16,"column":23}},"loc":{"start":{"line":16,"column":91},"end":{"line":22,"column":5}}},"2":{"name":"(anonymous_8)","decl":{"start":{"line":24,"column":4},"end":{"line":24,"column":11}},"loc":{"start":{"line":24,"column":44},"end":{"line":36,"column":5}}},"3":{"name":"(anonymous_9)","decl":{"start":{"line":38,"column":4},"end":{"line":38,"column":11}},"loc":{"start":{"line":38,"column":4},"end":{"line":42,"column":5}}}},"branchMap":{"0":{"loc":{"start":{"line":17,"column":8},"end":{"line":17,"column":null}},"type":"binary-expr","locations":[{"start":{"line":17,"column":8},"end":{"line":17,"column":15}},{"start":{"line":17,"column":15},"end":{"line":17,"column":null}}]},"1":{"loc":{"start":{"line":25,"column":8},"end":{"line":26,"column":34}},"type":"if","locations":[{"start":{"line":25,"column":8},"end":{"line":26,"column":34}}]},"2":{"loc":{"start":{"line":27,"column":8},"end":{"line":28,"column":33}},"type":"if","locations":[{"start":{"line":27,"column":8},"end":{"line":28,"column":33}}]},"3":{"loc":{"start":{"line":29,"column":8},"end":{"line":30,"column":30}},"type":"if","locations":[{"start":{"line":29,"column":8},"end":{"line":30,"column":30}}]},"4":{"loc":{"start":{"line":31,"column":8},"end":{"line":32,"column":33}},"type":"if","locations":[{"start":{"line":31,"column":8},"end":{"line":32,"column":33}}]},"5":{"loc":{"start":{"line":33,"column":8},"end":{"line":34,"column":30}},"type":"if","locations":[{"start":{"line":33,"column":8},"end":{"line":34,"column":30}}]},"6":{"loc":{"start":{"line":39,"column":15},"end":{"line":41,"column":31}},"type":"binary-expr","locations":[{"start":{"line":39,"column":15},"end":{"line":39,"column":46}},{"start":{"line":39,"column":50},"end":{"line":39,"column":80}},{"start":{"line":40,"column":8},"end":{"line":40,"column":35}},{"start":{"line":40,"column":39},"end":{"line":40,"column":69}},{"start":{"line":41,"column":8},"end":{"line":41,"column":31}}]}},"s":{"0":2,"1":2,"2":2,"3":2,"4":0,"5":0,"6":0,"7":0,"8":0,"9":2,"10":0,"11":0,"12":0,"13":0,"14":0,"15":0,"16":0,"17":0,"18":0,"19":0,"20":0,"21":2,"22":0,"23":2,"24":2},"f":{"0":2,"1":0,"2":0,"3":0},"b":{"0":[0,0],"1":[0],"2":[0],"3":[0],"4":[0],"5":[0],"6":[0,0,0,0,0]}}
,"D:\\Swivel_Projects\\Ignite\\Project 1\\backend\\ignite-auth-nodejs\\src\\dto\\response\\ResponseDto.ts": {"path":"D:\\Swivel_Projects\\Ignite\\Project 1\\backend\\ignite-auth-nodejs\\src\\dto\\response\\ResponseDto.ts","statementMap":{"0":{"start":{"line":6,"column":0},"end":{"line":6,"column":13}},"1":{"start":{"line":8,"column":4},"end":{"line":10,"column":null}},"2":{"start":{"line":9,"column":8},"end":{"line":9,"column":36}},"3":{"start":{"line":12,"column":0},"end":{"line":12,"column":null}},"4":{"start":{"line":6,"column":13},"end":{"line":6,"column":24}}},"fnMap":{"0":{"name":"(anonymous_0)","decl":{"start":{"line":6,"column":0},"end":{"line":6,"column":13}},"loc":{"start":{"line":6,"column":0},"end":{"line":12,"column":null}}},"1":{"name":"(anonymous_2)","decl":{"start":{"line":8,"column":4},"end":{"line":8,"column":10}},"loc":{"start":{"line":8,"column":4},"end":{"line":10,"column":5}}}},"branchMap":{},"s":{"0":1,"1":1,"2":1,"3":1,"4":1},"f":{"0":3,"1":1},"b":{}}
,"D:\\Swivel_Projects\\Ignite\\Project 1\\backend\\ignite-auth-nodejs\\src\\dto\\response\\UserJwtPayloadResponseDto.ts": {"path":"D:\\Swivel_Projects\\Ignite\\Project 1\\backend\\ignite-auth-nodejs\\src\\dto\\response\\UserJwtPayloadResponseDto.ts","statementMap":{"0":{"start":{"line":1,"column":0},"end":{"line":1,"column":44}},"1":{"start":{"line":2,"column":0},"end":{"line":2,"column":54}},"2":{"start":{"line":7,"column":0},"end":{"line":7,"column":null}},"3":{"start":{"line":7,"column":40},"end":{"line":7,"column":51}},"4":{"start":{"line":16,"column":8},"end":{"line":16,"column":null}},"5":{"start":{"line":17,"column":8},"end":{"line":17,"column":29}},"6":{"start":{"line":18,"column":8},"end":{"line":18,"column":35}},"7":{"start":{"line":19,"column":8},"end":{"line":19,"column":33}},"8":{"start":{"line":20,"column":8},"end":{"line":20,"column":27}},"9":{"start":{"line":21,"column":8},"end":{"line":21,"column":39}},"10":{"start":{"line":24,"column":11},"end":{"line":36,"column":null}},"11":{"start":{"line":25,"column":8},"end":{"line":26,"column":31}},"12":{"start":{"line":26,"column":12},"end":{"line":26,"column":31}},"13":{"start":{"line":27,"column":8},"end":{"line":28,"column":34}},"14":{"start":{"line":28,"column":12},"end":{"line":28,"column":34}},"15":{"start":{"line":29,"column":8},"end":{"line":30,"column":33}},"16":{"start":{"line":30,"column":12},"end":{"line":30,"column":33}},"17":{"start":{"line":31,"column":8},"end":{"line":32,"column":30}},"18":{"start":{"line":32,"column":12},"end":{"line":32,"column":30}},"19":{"start":{"line":33,"column":8},"end":{"line":34,"column":36}},"20":{"start":{"line":34,"column":12},"end":{"line":34,"column":36}},"21":{"start":{"line":35,"column":8},"end":{"line":35,"column":100}},"22":{"start":{"line":37,"column":0},"end":{"line":37,"column":null}},"23":{"start":{"line":39,"column":0},"end":{"line":39,"column":41}}},"fnMap":{"0":{"name":"(anonymous_6)","decl":{"start":{"line":7,"column":0},"end":{"line":7,"column":40}},"loc":{"start":{"line":7,"column":0},"end":{"line":37,"column":null}}},"1":{"name":"UserJwtPayloadResponseDto","decl":{"start":{"line":15,"column":4},"end":{"line":15,"column":23}},"loc":{"start":{"line":15,"column":117},"end":{"line":22,"column":5}}},"2":{"name":"(anonymous_8)","decl":{"start":{"line":24,"column":4},"end":{"line":24,"column":11}},"loc":{"start":{"line":24,"column":44},"end":{"line":36,"column":5}}}},"branchMap":{"0":{"loc":{"start":{"line":16,"column":8},"end":{"line":16,"column":null}},"type":"binary-expr","locations":[{"start":{"line":16,"column":8},"end":{"line":16,"column":15}},{"start":{"line":16,"column":15},"end":{"line":16,"column":null}}]},"1":{"loc":{"start":{"line":25,"column":8},"end":{"line":26,"column":31}},"type":"if","locations":[{"start":{"line":25,"column":8},"end":{"line":26,"column":31}}]},"2":{"loc":{"start":{"line":27,"column":8},"end":{"line":28,"column":34}},"type":"if","locations":[{"start":{"line":27,"column":8},"end":{"line":28,"column":34}}]},"3":{"loc":{"start":{"line":29,"column":8},"end":{"line":30,"column":33}},"type":"if","locations":[{"start":{"line":29,"column":8},"end":{"line":30,"column":33}}]},"4":{"loc":{"start":{"line":31,"column":8},"end":{"line":32,"column":30}},"type":"if","locations":[{"start":{"line":31,"column":8},"end":{"line":32,"column":30}}]},"5":{"loc":{"start":{"line":33,"column":8},"end":{"line":34,"column":36}},"type":"if","locations":[{"start":{"line":33,"column":8},"end":{"line":34,"column":36}}]}},"s":{"0":1,"1":1,"2":1,"3":1,"4":2,"5":2,"6":2,"7":2,"8":2,"9":2,"10":1,"11":0,"12":0,"13":0,"14":0,"15":0,"16":0,"17":0,"18":0,"19":0,"20":0,"21":0,"22":1,"23":1},"f":{"0":1,"1":2,"2":0},"b":{"0":[2,2],"1":[0],"2":[0],"3":[0],"4":[0],"5":[0]}}
,"D:\\Swivel_Projects\\Ignite\\Project 1\\backend\\ignite-auth-nodejs\\src\\entities\\Permission.ts": {"path":"D:\\Swivel_Projects\\Ignite\\Project 1\\backend\\ignite-auth-nodejs\\src\\entities\\Permission.ts","statementMap":{"0":{"start":{"line":1,"column":0},"end":{"line":1,"column":56}},"1":{"start":{"line":2,"column":0},"end":{"line":2,"column":87}},"2":{"start":{"line":3,"column":0},"end":{"line":3,"column":51}},"3":{"start":{"line":4,"column":0},"end":{"line":4,"column":36}},"4":{"start":{"line":5,"column":0},"end":{"line":5,"column":57}},"5":{"start":{"line":12,"column":0},"end":{"line":11,"column":1}},"6":{"start":{"line":21,"column":23},"end":{"line":21,"column":37}},"7":{"start":{"line":14,"column":12},"end":{"line":14,"column":50}},"8":{"start":{"line":22,"column":8},"end":{"line":23,"column":19}},"9":{"start":{"line":23,"column":12},"end":{"line":23,"column":19}},"10":{"start":{"line":24,"column":8},"end":{"line":33,"column":null}},"11":{"start":{"line":25,"column":12},"end":{"line":32,"column":null}},"12":{"start":{"line":26,"column":33},"end":{"line":26,"column":40}},"13":{"start":{"line":27,"column":16},"end":{"line":27,"column":67}},"14":{"start":{"line":28,"column":16},"end":{"line":28,"column":81}},"15":{"start":{"line":29,"column":19},"end":{"line":32,"column":null}},"16":{"start":{"line":30,"column":16},"end":{"line":30,"column":67}},"17":{"start":{"line":31,"column":16},"end":{"line":31,"column":42}},"18":{"start":{"line":36,"column":11},"end":{"line":42,"column":null}},"19":{"start":{"line":37,"column":8},"end":{"line":38,"column":27}},"20":{"start":{"line":38,"column":12},"end":{"line":38,"column":27}},"21":{"start":{"line":39,"column":8},"end":{"line":40,"column":35}},"22":{"start":{"line":40,"column":12},"end":{"line":40,"column":35}},"23":{"start":{"line":41,"column":8},"end":{"line":41,"column":98}},"24":{"start":{"line":44,"column":11},"end":{"line":50,"column":null}},"25":{"start":{"line":45,"column":8},"end":{"line":48,"column":null}},"26":{"start":{"line":46,"column":12},"end":{"line":46,"column":28}},"27":{"start":{"line":47,"column":12},"end":{"line":47,"column":19}},"28":{"start":{"line":49,"column":8},"end":{"line":49,"column":93}},"29":{"start":{"line":17,"column":12},"end":{"line":17,"column":null}},"30":{"start":{"line":19,"column":12},"end":{"line":19,"column":null}},"31":{"start":{"line":12,"column":6},"end":{"line":51,"column":null}},"32":{"start":{"line":51,"column":0},"end":{"line":51,"column":null}},"33":{"start":{"line":53,"column":0},"end":{"line":53,"column":26}}},"fnMap":{"0":{"name":"(anonymous_2)","decl":{"start":{"line":12,"column":0},"end":{"line":12,"column":6}},"loc":{"start":{"line":12,"column":0},"end":{"line":11,"column":1}}},"1":{"name":"Permission","decl":{"start":{"line":21,"column":4},"end":{"line":21,"column":23}},"loc":{"start":{"line":21,"column":4},"end":{"line":34,"column":5}}},"2":{"name":"(anonymous_4)","decl":{"start":{"line":36,"column":4},"end":{"line":36,"column":11}},"loc":{"start":{"line":36,"column":47},"end":{"line":42,"column":5}}},"3":{"name":"(anonymous_5)","decl":{"start":{"line":44,"column":4},"end":{"line":44,"column":11}},"loc":{"start":{"line":44,"column":59},"end":{"line":50,"column":5}}}},"branchMap":{"0":{"loc":{"start":{"line":22,"column":8},"end":{"line":23,"column":19}},"type":"if","locations":[{"start":{"line":22,"column":8},"end":{"line":23,"column":19}}]},"1":{"loc":{"start":{"line":24,"column":8},"end":{"line":33,"column":null}},"type":"if","locations":[{"start":{"line":24,"column":8},"end":{"line":33,"column":null}}]},"2":{"loc":{"start":{"line":25,"column":12},"end":{"line":32,"column":null}},"type":"if","locations":[{"start":{"line":25,"column":12},"end":{"line":32,"column":null}},{"start":{"line":29,"column":19},"end":{"line":32,"column":null}}]},"3":{"loc":{"start":{"line":29,"column":19},"end":{"line":32,"column":null}},"type":"if","locations":[{"start":{"line":29,"column":19},"end":{"line":32,"column":null}}]},"4":{"loc":{"start":{"line":37,"column":8},"end":{"line":38,"column":27}},"type":"if","locations":[{"start":{"line":37,"column":8},"end":{"line":38,"column":27}}]},"5":{"loc":{"start":{"line":39,"column":8},"end":{"line":40,"column":35}},"type":"if","locations":[{"start":{"line":39,"column":8},"end":{"line":40,"column":35}}]},"6":{"loc":{"start":{"line":45,"column":8},"end":{"line":48,"column":null}},"type":"if","locations":[{"start":{"line":45,"column":8},"end":{"line":48,"column":null}}]},"7":{"loc":{"start":{"line":45,"column":12},"end":{"line":45,"column":71}},"type":"binary-expr","locations":[{"start":{"line":45,"column":12},"end":{"line":45,"column":42}},{"start":{"line":45,"column":46},"end":{"line":45,"column":71}}]}},"s":{"0":6,"1":6,"2":6,"3":6,"4":6,"5":6,"6":6,"7":3,"8":3,"9":3,"10":0,"11":0,"12":0,"13":0,"14":0,"15":0,"16":0,"17":0,"18":6,"19":14,"20":0,"21":14,"22":14,"23":0,"24":6,"25":2,"26":2,"27":2,"28":0,"29":6,"30":6,"31":6,"32":6,"33":6},"f":{"0":6,"1":3,"2":14,"3":2},"b":{"0":[3],"1":[0],"2":[0,0],"3":[0],"4":[0],"5":[14],"6":[2],"7":[2,2]}}
,"D:\\Swivel_Projects\\Ignite\\Project 1\\backend\\ignite-auth-nodejs\\src\\entities\\Role.ts": {"path":"D:\\Swivel_Projects\\Ignite\\Project 1\\backend\\ignite-auth-nodejs\\src\\entities\\Role.ts","statementMap":{"0":{"start":{"line":1,"column":0},"end":{"line":1,"column":79}},"1":{"start":{"line":2,"column":0},"end":{"line":2,"column":75}},"2":{"start":{"line":3,"column":0},"end":{"line":3,"column":51}},"3":{"start":{"line":4,"column":0},"end":{"line":4,"column":36}},"4":{"start":{"line":5,"column":0},"end":{"line":5,"column":57}},"5":{"start":{"line":6,"column":0},"end":{"line":6,"column":38}},"6":{"start":{"line":13,"column":0},"end":{"line":12,"column":1}},"7":{"start":{"line":35,"column":23},"end":{"line":35,"column":37}},"8":{"start":{"line":15,"column":12},"end":{"line":15,"column":44}},"9":{"start":{"line":36,"column":8},"end":{"line":37,"column":19}},"10":{"start":{"line":37,"column":12},"end":{"line":37,"column":19}},"11":{"start":{"line":38,"column":8},"end":{"line":44,"column":null}},"12":{"start":{"line":39,"column":12},"end":{"line":43,"column":null}},"13":{"start":{"line":40,"column":33},"end":{"line":40,"column":40}},"14":{"start":{"line":41,"column":16},"end":{"line":41,"column":61}},"15":{"start":{"line":42,"column":16},"end":{"line":42,"column":69}},"16":{"start":{"line":45,"column":8},"end":{"line":52,"column":null}},"17":{"start":{"line":46,"column":12},"end":{"line":51,"column":null}},"18":{"start":{"line":46,"column":104},"end":{"line":46,"column":128}},"19":{"start":{"line":47,"column":33},"end":{"line":47,"column":40}},"20":{"start":{"line":48,"column":16},"end":{"line":48,"column":61}},"21":{"start":{"line":49,"column":16},"end":{"line":49,"column":69}},"22":{"start":{"line":50,"column":16},"end":{"line":50,"column":43}},"23":{"start":{"line":55,"column":11},"end":{"line":63,"column":null}},"24":{"start":{"line":56,"column":8},"end":{"line":57,"column":27}},"25":{"start":{"line":57,"column":12},"end":{"line":57,"column":27}},"26":{"start":{"line":58,"column":8},"end":{"line":59,"column":29}},"27":{"start":{"line":59,"column":12},"end":{"line":59,"column":29}},"28":{"start":{"line":60,"column":8},"end":{"line":61,"column":36}},"29":{"start":{"line":61,"column":12},"end":{"line":61,"column":36}},"30":{"start":{"line":62,"column":8},"end":{"line":62,"column":92}},"31":{"start":{"line":65,"column":11},"end":{"line":75,"column":null}},"32":{"start":{"line":66,"column":8},"end":{"line":69,"column":null}},"33":{"start":{"line":67,"column":12},"end":{"line":67,"column":28}},"34":{"start":{"line":68,"column":12},"end":{"line":68,"column":19}},"35":{"start":{"line":70,"column":8},"end":{"line":73,"column":null}},"36":{"start":{"line":70,"column":96},"end":{"line":70,"column":120}},"37":{"start":{"line":71,"column":12},"end":{"line":71,"column":37}},"38":{"start":{"line":72,"column":12},"end":{"line":72,"column":19}},"39":{"start":{"line":74,"column":8},"end":{"line":74,"column":87}},"40":{"start":{"line":18,"column":12},"end":{"line":18,"column":null}},"41":{"start":{"line":20,"column":12},"end":{"line":20,"column":null}},"42":{"start":{"line":33,"column":4},"end":{"line":33,"column":null}},"43":{"start":{"line":21,"column":26},"end":{"line":21,"column":37}},"44":{"start":{"line":13,"column":6},"end":{"line":76,"column":null}},"45":{"start":{"line":76,"column":0},"end":{"line":76,"column":null}},"46":{"start":{"line":78,"column":0},"end":{"line":78,"column":20}}},"fnMap":{"0":{"name":"(anonymous_3)","decl":{"start":{"line":13,"column":0},"end":{"line":13,"column":6}},"loc":{"start":{"line":13,"column":0},"end":{"line":12,"column":1}}},"1":{"name":"Role","decl":{"start":{"line":35,"column":4},"end":{"line":35,"column":23}},"loc":{"start":{"line":35,"column":4},"end":{"line":53,"column":5}}},"2":{"name":"(anonymous_5)","decl":{"start":{"line":46,"column":99},"end":{"line":46,"column":100}},"loc":{"start":{"line":46,"column":100},"end":{"line":46,"column":105}}},"3":{"name":"(anonymous_6)","decl":{"start":{"line":55,"column":4},"end":{"line":55,"column":11}},"loc":{"start":{"line":55,"column":47},"end":{"line":63,"column":5}}},"4":{"name":"(anonymous_7)","decl":{"start":{"line":65,"column":4},"end":{"line":65,"column":11}},"loc":{"start":{"line":65,"column":59},"end":{"line":75,"column":5}}},"5":{"name":"(anonymous_8)","decl":{"start":{"line":70,"column":91},"end":{"line":70,"column":92}},"loc":{"start":{"line":70,"column":92},"end":{"line":70,"column":97}}},"6":{"name":"(anonymous_9)","decl":{"start":{"line":21,"column":16},"end":{"line":21,"column":17}},"loc":{"start":{"line":21,"column":21},"end":{"line":21,"column":36}}}},"branchMap":{"0":{"loc":{"start":{"line":36,"column":8},"end":{"line":37,"column":19}},"type":"if","locations":[{"start":{"line":36,"column":8},"end":{"line":37,"column":19}}]},"1":{"loc":{"start":{"line":38,"column":8},"end":{"line":44,"column":null}},"type":"if","locations":[{"start":{"line":38,"column":8},"end":{"line":44,"column":null}}]},"2":{"loc":{"start":{"line":39,"column":12},"end":{"line":43,"column":null}},"type":"if","locations":[{"start":{"line":39,"column":12},"end":{"line":43,"column":null}}]},"3":{"loc":{"start":{"line":45,"column":8},"end":{"line":52,"column":null}},"type":"if","locations":[{"start":{"line":45,"column":8},"end":{"line":52,"column":null}}]},"4":{"loc":{"start":{"line":46,"column":12},"end":{"line":51,"column":null}},"type":"if","locations":[{"start":{"line":46,"column":12},"end":{"line":51,"column":null}}]},"5":{"loc":{"start":{"line":46,"column":16},"end":{"line":46,"column":128}},"type":"binary-expr","locations":[{"start":{"line":46,"column":16},"end":{"line":46,"column":55}},{"start":{"line":46,"column":59},"end":{"line":46,"column":81}},{"start":{"line":46,"column":85},"end":{"line":46,"column":128}}]},"6":{"loc":{"start":{"line":56,"column":8},"end":{"line":57,"column":27}},"type":"if","locations":[{"start":{"line":56,"column":8},"end":{"line":57,"column":27}}]},"7":{"loc":{"start":{"line":58,"column":8},"end":{"line":59,"column":29}},"type":"if","locations":[{"start":{"line":58,"column":8},"end":{"line":59,"column":29}}]},"8":{"loc":{"start":{"line":60,"column":8},"end":{"line":61,"column":36}},"type":"if","locations":[{"start":{"line":60,"column":8},"end":{"line":61,"column":36}}]},"9":{"loc":{"start":{"line":66,"column":8},"end":{"line":69,"column":null}},"type":"if","locations":[{"start":{"line":66,"column":8},"end":{"line":69,"column":null}}]},"10":{"loc":{"start":{"line":66,"column":12},"end":{"line":66,"column":71}},"type":"binary-expr","locations":[{"start":{"line":66,"column":12},"end":{"line":66,"column":42}},{"start":{"line":66,"column":46},"end":{"line":66,"column":71}}]},"11":{"loc":{"start":{"line":70,"column":8},"end":{"line":73,"column":null}},"type":"if","locations":[{"start":{"line":70,"column":8},"end":{"line":73,"column":null}}]},"12":{"loc":{"start":{"line":70,"column":12},"end":{"line":70,"column":120}},"type":"binary-expr","locations":[{"start":{"line":70,"column":12},"end":{"line":70,"column":51}},{"start":{"line":70,"column":55},"end":{"line":70,"column":75}},{"start":{"line":70,"column":79},"end":{"line":70,"column":120}}]}},"s":{"0":4,"1":4,"2":4,"3":4,"4":4,"5":4,"6":4,"7":6,"8":3,"9":3,"10":3,"11":0,"12":0,"13":0,"14":0,"15":0,"16":0,"17":0,"18":0,"19":0,"20":0,"21":0,"22":0,"23":4,"24":6,"25":2,"26":4,"27":4,"28":0,"29":0,"30":0,"31":4,"32":3,"33":2,"34":2,"35":1,"36":1,"37":1,"38":1,"39":0,"40":4,"41":4,"42":4,"43":0,"44":4,"45":4,"46":4},"f":{"0":4,"1":3,"2":0,"3":6,"4":3,"5":1,"6":0},"b":{"0":[3],"1":[0],"2":[0],"3":[0],"4":[0],"5":[0,0,0],"6":[2],"7":[4],"8":[0],"9":[2],"10":[3,2],"11":[1],"12":[1,1,1]}}
,"D:\\Swivel_Projects\\Ignite\\Project 1\\backend\\ignite-auth-nodejs\\src\\entities\\User.ts": {"path":"D:\\Swivel_Projects\\Ignite\\Project 1\\backend\\ignite-auth-nodejs\\src\\entities\\User.ts","statementMap":{"0":{"start":{"line":1,"column":0},"end":{"line":1,"column":79}},"1":{"start":{"line":2,"column":0},"end":{"line":2,"column":75}},"2":{"start":{"line":3,"column":0},"end":{"line":3,"column":51}},"3":{"start":{"line":4,"column":0},"end":{"line":4,"column":36}},"4":{"start":{"line":5,"column":0},"end":{"line":5,"column":57}},"5":{"start":{"line":6,"column":0},"end":{"line":6,"column":26}},"6":{"start":{"line":13,"column":0},"end":{"line":12,"column":1}},"7":{"start":{"line":41,"column":23},"end":{"line":41,"column":37}},"8":{"start":{"line":15,"column":12},"end":{"line":15,"column":44}},"9":{"start":{"line":42,"column":8},"end":{"line":43,"column":19}},"10":{"start":{"line":43,"column":12},"end":{"line":43,"column":19}},"11":{"start":{"line":44,"column":8},"end":{"line":53,"column":null}},"12":{"start":{"line":45,"column":12},"end":{"line":52,"column":null}},"13":{"start":{"line":46,"column":33},"end":{"line":46,"column":40}},"14":{"start":{"line":47,"column":16},"end":{"line":47,"column":61}},"15":{"start":{"line":48,"column":16},"end":{"line":48,"column":79}},"16":{"start":{"line":49,"column":16},"end":{"line":49,"column":77}},"17":{"start":{"line":50,"column":16},"end":{"line":50,"column":71}},"18":{"start":{"line":51,"column":16},"end":{"line":51,"column":77}},"19":{"start":{"line":54,"column":8},"end":{"line":64,"column":null}},"20":{"start":{"line":55,"column":12},"end":{"line":63,"column":null}},"21":{"start":{"line":55,"column":104},"end":{"line":55,"column":122}},"22":{"start":{"line":56,"column":33},"end":{"line":56,"column":40}},"23":{"start":{"line":57,"column":16},"end":{"line":57,"column":61}},"24":{"start":{"line":58,"column":16},"end":{"line":58,"column":79}},"25":{"start":{"line":59,"column":16},"end":{"line":59,"column":77}},"26":{"start":{"line":60,"column":16},"end":{"line":60,"column":71}},"27":{"start":{"line":61,"column":16},"end":{"line":61,"column":77}},"28":{"start":{"line":62,"column":16},"end":{"line":62,"column":37}},"29":{"start":{"line":67,"column":11},"end":{"line":81,"column":null}},"30":{"start":{"line":68,"column":8},"end":{"line":69,"column":27}},"31":{"start":{"line":69,"column":12},"end":{"line":69,"column":27}},"32":{"start":{"line":70,"column":8},"end":{"line":71,"column":34}},"33":{"start":{"line":71,"column":12},"end":{"line":71,"column":34}},"34":{"start":{"line":72,"column":8},"end":{"line":73,"column":33}},"35":{"start":{"line":73,"column":12},"end":{"line":73,"column":33}},"36":{"start":{"line":74,"column":8},"end":{"line":75,"column":30}},"37":{"start":{"line":75,"column":12},"end":{"line":75,"column":30}},"38":{"start":{"line":76,"column":8},"end":{"line":77,"column":33}},"39":{"start":{"line":77,"column":12},"end":{"line":77,"column":33}},"40":{"start":{"line":78,"column":8},"end":{"line":79,"column":30}},"41":{"start":{"line":79,"column":12},"end":{"line":79,"column":30}},"42":{"start":{"line":80,"column":8},"end":{"line":80,"column":92}},"43":{"start":{"line":83,"column":11},"end":{"line":93,"column":null}},"44":{"start":{"line":84,"column":8},"end":{"line":87,"column":null}},"45":{"start":{"line":85,"column":12},"end":{"line":85,"column":28}},"46":{"start":{"line":86,"column":12},"end":{"line":86,"column":19}},"47":{"start":{"line":88,"column":8},"end":{"line":91,"column":null}},"48":{"start":{"line":88,"column":90},"end":{"line":88,"column":108}},"49":{"start":{"line":89,"column":12},"end":{"line":89,"column":31}},"50":{"start":{"line":90,"column":12},"end":{"line":90,"column":19}},"51":{"start":{"line":92,"column":8},"end":{"line":92,"column":87}},"52":{"start":{"line":95,"column":11},"end":{"line":97,"column":null}},"53":{"start":{"line":96,"column":8},"end":{"line":96,"column":33}},"54":{"start":{"line":18,"column":12},"end":{"line":18,"column":null}},"55":{"start":{"line":20,"column":12},"end":{"line":20,"column":null}},"56":{"start":{"line":22,"column":12},"end":{"line":22,"column":null}},"57":{"start":{"line":24,"column":12},"end":{"line":24,"column":null}},"58":{"start":{"line":26,"column":12},"end":{"line":26,"column":null}},"59":{"start":{"line":39,"column":4},"end":{"line":39,"column":null}},"60":{"start":{"line":27,"column":26},"end":{"line":27,"column":31}},"61":{"start":{"line":13,"column":6},"end":{"line":98,"column":null}},"62":{"start":{"line":98,"column":0},"end":{"line":98,"column":null}},"63":{"start":{"line":100,"column":0},"end":{"line":100,"column":20}}},"fnMap":{"0":{"name":"(anonymous_3)","decl":{"start":{"line":13,"column":0},"end":{"line":13,"column":6}},"loc":{"start":{"line":13,"column":0},"end":{"line":12,"column":1}}},"1":{"name":"User","decl":{"start":{"line":41,"column":4},"end":{"line":41,"column":23}},"loc":{"start":{"line":41,"column":4},"end":{"line":65,"column":5}}},"2":{"name":"(anonymous_5)","decl":{"start":{"line":55,"column":99},"end":{"line":55,"column":100}},"loc":{"start":{"line":55,"column":100},"end":{"line":55,"column":105}}},"3":{"name":"(anonymous_6)","decl":{"start":{"line":67,"column":4},"end":{"line":67,"column":11}},"loc":{"start":{"line":67,"column":47},"end":{"line":81,"column":5}}},"4":{"name":"(anonymous_7)","decl":{"start":{"line":83,"column":4},"end":{"line":83,"column":11}},"loc":{"start":{"line":83,"column":59},"end":{"line":93,"column":5}}},"5":{"name":"(anonymous_8)","decl":{"start":{"line":88,"column":85},"end":{"line":88,"column":86}},"loc":{"start":{"line":88,"column":86},"end":{"line":88,"column":91}}},"6":{"name":"(anonymous_9)","decl":{"start":{"line":95,"column":4},"end":{"line":95,"column":11}},"loc":{"start":{"line":95,"column":39},"end":{"line":97,"column":5}}},"7":{"name":"(anonymous_10)","decl":{"start":{"line":27,"column":16},"end":{"line":27,"column":17}},"loc":{"start":{"line":27,"column":21},"end":{"line":27,"column":30}}}},"branchMap":{"0":{"loc":{"start":{"line":42,"column":8},"end":{"line":43,"column":19}},"type":"if","locations":[{"start":{"line":42,"column":8},"end":{"line":43,"column":19}}]},"1":{"loc":{"start":{"line":44,"column":8},"end":{"line":53,"column":null}},"type":"if","locations":[{"start":{"line":44,"column":8},"end":{"line":53,"column":null}}]},"2":{"loc":{"start":{"line":45,"column":12},"end":{"line":52,"column":null}},"type":"if","locations":[{"start":{"line":45,"column":12},"end":{"line":52,"column":null}}]},"3":{"loc":{"start":{"line":54,"column":8},"end":{"line":64,"column":null}},"type":"if","locations":[{"start":{"line":54,"column":8},"end":{"line":64,"column":null}}]},"4":{"loc":{"start":{"line":55,"column":12},"end":{"line":63,"column":null}},"type":"if","locations":[{"start":{"line":55,"column":12},"end":{"line":63,"column":null}}]},"5":{"loc":{"start":{"line":55,"column":16},"end":{"line":55,"column":122}},"type":"binary-expr","locations":[{"start":{"line":55,"column":16},"end":{"line":55,"column":55}},{"start":{"line":55,"column":59},"end":{"line":55,"column":81}},{"start":{"line":55,"column":85},"end":{"line":55,"column":122}}]},"6":{"loc":{"start":{"line":68,"column":8},"end":{"line":69,"column":27}},"type":"if","locations":[{"start":{"line":68,"column":8},"end":{"line":69,"column":27}}]},"7":{"loc":{"start":{"line":70,"column":8},"end":{"line":71,"column":34}},"type":"if","locations":[{"start":{"line":70,"column":8},"end":{"line":71,"column":34}}]},"8":{"loc":{"start":{"line":72,"column":8},"end":{"line":73,"column":33}},"type":"if","locations":[{"start":{"line":72,"column":8},"end":{"line":73,"column":33}}]},"9":{"loc":{"start":{"line":74,"column":8},"end":{"line":75,"column":30}},"type":"if","locations":[{"start":{"line":74,"column":8},"end":{"line":75,"column":30}}]},"10":{"loc":{"start":{"line":76,"column":8},"end":{"line":77,"column":33}},"type":"if","locations":[{"start":{"line":76,"column":8},"end":{"line":77,"column":33}}]},"11":{"loc":{"start":{"line":78,"column":8},"end":{"line":79,"column":30}},"type":"if","locations":[{"start":{"line":78,"column":8},"end":{"line":79,"column":30}}]},"12":{"loc":{"start":{"line":84,"column":8},"end":{"line":87,"column":null}},"type":"if","locations":[{"start":{"line":84,"column":8},"end":{"line":87,"column":null}}]},"13":{"loc":{"start":{"line":84,"column":12},"end":{"line":84,"column":71}},"type":"binary-expr","locations":[{"start":{"line":84,"column":12},"end":{"line":84,"column":42}},{"start":{"line":84,"column":46},"end":{"line":84,"column":71}}]},"14":{"loc":{"start":{"line":88,"column":8},"end":{"line":91,"column":null}},"type":"if","locations":[{"start":{"line":88,"column":8},"end":{"line":91,"column":null}}]},"15":{"loc":{"start":{"line":88,"column":12},"end":{"line":88,"column":108}},"type":"binary-expr","locations":[{"start":{"line":88,"column":12},"end":{"line":88,"column":45}},{"start":{"line":88,"column":49},"end":{"line":88,"column":69}},{"start":{"line":88,"column":73},"end":{"line":88,"column":108}}]}},"s":{"0":2,"1":2,"2":2,"3":2,"4":2,"5":2,"6":2,"7":4,"8":2,"9":2,"10":2,"11":0,"12":0,"13":0,"14":0,"15":0,"16":0,"17":0,"18":0,"19":0,"20":0,"21":0,"22":0,"23":0,"24":0,"25":0,"26":0,"27":0,"28":0,"29":2,"30":16,"31":2,"32":14,"33":2,"34":12,"35":2,"36":10,"37":6,"38":4,"39":4,"40":0,"41":0,"42":0,"43":2,"44":1,"45":0,"46":0,"47":1,"48":1,"49":1,"50":1,"51":0,"52":2,"53":3,"54":2,"55":2,"56":2,"57":2,"58":2,"59":2,"60":0,"61":2,"62":2,"63":2},"f":{"0":2,"1":2,"2":0,"3":16,"4":1,"5":1,"6":3,"7":0},"b":{"0":[2],"1":[0],"2":[0],"3":[0],"4":[0],"5":[0,0,0],"6":[2],"7":[2],"8":[2],"9":[6],"10":[4],"11":[0],"12":[0],"13":[1,0],"14":[1],"15":[1,1,1]}}
,"D:\\Swivel_Projects\\Ignite\\Project 1\\backend\\ignite-auth-nodejs\\src\\enums\\DtoProperty.ts": {"path":"D:\\Swivel_Projects\\Ignite\\Project 1\\backend\\ignite-auth-nodejs\\src\\enums\\DtoProperty.ts","statementMap":{"0":{"start":{"line":4,"column":0},"end":{"line":4,"column":null}},"1":{"start":{"line":8,"column":4},"end":{"line":8,"column":null}},"2":{"start":{"line":10,"column":4},"end":{"line":10,"column":null}},"3":{"start":{"line":11,"column":4},"end":{"line":11,"column":null}},"4":{"start":{"line":12,"column":4},"end":{"line":12,"column":null}},"5":{"start":{"line":13,"column":4},"end":{"line":13,"column":null}},"6":{"start":{"line":14,"column":4},"end":{"line":14,"column":null}},"7":{"start":{"line":18,"column":4},"end":{"line":18,"column":null}},"8":{"start":{"line":20,"column":4},"end":{"line":20,"column":null}},"9":{"start":{"line":24,"column":4},"end":{"line":24,"column":null}},"10":{"start":{"line":26,"column":4},"end":{"line":26,"column":null}},"11":{"start":{"line":29,"column":4},"end":{"line":29,"column":null}}},"fnMap":{"0":{"name":"(anonymous_0)","decl":{"start":{"line":4,"column":0},"end":{"line":4,"column":12}},"loc":{"start":{"line":4,"column":23},"end":{"line":30,"column":1}}}},"branchMap":{"0":{"loc":{"start":{"line":4,"column":12},"end":{"line":4,"column":null}},"type":"binary-expr","locations":[{"start":{"line":4,"column":12},"end":{"line":4,"column":23}},{"start":{"line":4,"column":12},"end":{"line":4,"column":null}}]}},"s":{"0":6,"1":6,"2":6,"3":6,"4":6,"5":6,"6":6,"7":6,"8":6,"9":6,"10":6,"11":6},"f":{"0":6},"b":{"0":[6,6]}}
,"D:\\Swivel_Projects\\Ignite\\Project 1\\backend\\ignite-auth-nodejs\\src\\enums\\EntityProperty.ts": {"path":"D:\\Swivel_Projects\\Ignite\\Project 1\\backend\\ignite-auth-nodejs\\src\\enums\\EntityProperty.ts","statementMap":{"0":{"start":{"line":4,"column":0},"end":{"line":4,"column":null}},"1":{"start":{"line":7,"column":4},"end":{"line":7,"column":null}},"2":{"start":{"line":8,"column":4},"end":{"line":8,"column":null}},"3":{"start":{"line":9,"column":4},"end":{"line":9,"column":null}},"4":{"start":{"line":10,"column":4},"end":{"line":10,"column":null}},"5":{"start":{"line":11,"column":4},"end":{"line":11,"column":null}},"6":{"start":{"line":12,"column":4},"end":{"line":12,"column":null}},"7":{"start":{"line":15,"column":4},"end":{"line":15,"column":null}},"8":{"start":{"line":16,"column":4},"end":{"line":16,"column":null}},"9":{"start":{"line":19,"column":4},"end":{"line":19,"column":null}}},"fnMap":{"0":{"name":"(anonymous_0)","decl":{"start":{"line":4,"column":0},"end":{"line":4,"column":12}},"loc":{"start":{"line":4,"column":26},"end":{"line":20,"column":1}}}},"branchMap":{"0":{"loc":{"start":{"line":4,"column":12},"end":{"line":4,"column":null}},"type":"binary-expr","locations":[{"start":{"line":4,"column":12},"end":{"line":4,"column":26}},{"start":{"line":4,"column":12},"end":{"line":4,"column":null}}]}},"s":{"0":6,"1":6,"2":6,"3":6,"4":6,"5":6,"6":6,"7":6,"8":6,"9":6},"f":{"0":6},"b":{"0":[6,6]}}
,"D:\\Swivel_Projects\\Ignite\\Project 1\\backend\\ignite-auth-nodejs\\src\\enums\\RoleType.ts": {"path":"D:\\Swivel_Projects\\Ignite\\Project 1\\backend\\ignite-auth-nodejs\\src\\enums\\RoleType.ts","statementMap":{"0":{"start":{"line":4,"column":0},"end":{"line":4,"column":null}},"1":{"start":{"line":6,"column":4},"end":{"line":6,"column":null}},"2":{"start":{"line":7,"column":4},"end":{"line":7,"column":null}},"3":{"start":{"line":8,"column":4},"end":{"line":8,"column":24}}},"fnMap":{"0":{"name":"(anonymous_0)","decl":{"start":{"line":4,"column":0},"end":{"line":4,"column":12}},"loc":{"start":{"line":4,"column":20},"end":{"line":9,"column":1}}}},"branchMap":{"0":{"loc":{"start":{"line":4,"column":12},"end":{"line":4,"column":null}},"type":"binary-expr","locations":[{"start":{"line":4,"column":12},"end":{"line":4,"column":20}},{"start":{"line":4,"column":12},"end":{"line":4,"column":null}}]}},"s":{"0":2,"1":2,"2":2,"3":2},"f":{"0":2},"b":{"0":[2,2]}}
,"D:\\Swivel_Projects\\Ignite\\Project 1\\backend\\ignite-auth-nodejs\\src\\exceptions\\AuthServiceException.ts": {"path":"D:\\Swivel_Projects\\Ignite\\Project 1\\backend\\ignite-auth-nodejs\\src\\exceptions\\AuthServiceException.ts","statementMap":{"0":{"start":{"line":4,"column":0},"end":{"line":4,"column":null}},"1":{"start":{"line":4,"column":42},"end":{"line":4,"column":47}},"2":{"start":{"line":7,"column":8},"end":{"line":7,"column":null}},"3":{"start":{"line":8,"column":8},"end":{"line":8,"column":43}},"4":{"start":{"line":10,"column":0},"end":{"line":10,"column":null}},"5":{"start":{"line":4,"column":13},"end":{"line":4,"column":33}}},"fnMap":{"0":{"name":"(anonymous_6)","decl":{"start":{"line":4,"column":0},"end":{"line":4,"column":13}},"loc":{"start":{"line":4,"column":0},"end":{"line":10,"column":null}}},"1":{"name":"AuthServiceException","decl":{"start":{"line":6,"column":4},"end":{"line":6,"column":23}},"loc":{"start":{"line":6,"column":43},"end":{"line":9,"column":5}}}},"branchMap":{"0":{"loc":{"start":{"line":7,"column":8},"end":{"line":7,"column":null}},"type":"binary-expr","locations":[{"start":{"line":7,"column":8},"end":{"line":7,"column":27}},{"start":{"line":7,"column":27},"end":{"line":7,"column":null}}]}},"s":{"0":3,"1":3,"2":14,"3":14,"4":3,"5":3},"f":{"0":3,"1":14},"b":{"0":[14,0]}}
,"D:\\Swivel_Projects\\Ignite\\Project 1\\backend\\ignite-auth-nodejs\\src\\exceptions\\AuthorizationException.ts": {"path":"D:\\Swivel_Projects\\Ignite\\Project 1\\backend\\ignite-auth-nodejs\\src\\exceptions\\AuthorizationException.ts","statementMap":{"0":{"start":{"line":4,"column":0},"end":{"line":4,"column":null}},"1":{"start":{"line":4,"column":44},"end":{"line":4,"column":49}},"2":{"start":{"line":7,"column":8},"end":{"line":7,"column":null}},"3":{"start":{"line":8,"column":8},"end":{"line":8,"column":45}},"4":{"start":{"line":10,"column":0},"end":{"line":10,"column":null}},"5":{"start":{"line":4,"column":13},"end":{"line":4,"column":35}}},"fnMap":{"0":{"name":"(anonymous_6)","decl":{"start":{"line":4,"column":0},"end":{"line":4,"column":13}},"loc":{"start":{"line":4,"column":0},"end":{"line":10,"column":null}}},"1":{"name":"AuthorizationException","decl":{"start":{"line":6,"column":4},"end":{"line":6,"column":23}},"loc":{"start":{"line":6,"column":43},"end":{"line":9,"column":5}}}},"branchMap":{"0":{"loc":{"start":{"line":7,"column":8},"end":{"line":7,"column":null}},"type":"binary-expr","locations":[{"start":{"line":7,"column":8},"end":{"line":7,"column":27}},{"start":{"line":7,"column":27},"end":{"line":7,"column":null}}]}},"s":{"0":1,"1":1,"2":2,"3":2,"4":1,"5":1},"f":{"0":1,"1":2},"b":{"0":[2,0]}}
,"D:\\Swivel_Projects\\Ignite\\Project 1\\backend\\ignite-auth-nodejs\\src\\exceptions\\PermissionAlreadyExistsException.ts": {"path":"D:\\Swivel_Projects\\Ignite\\Project 1\\backend\\ignite-auth-nodejs\\src\\exceptions\\PermissionAlreadyExistsException.ts","statementMap":{"0":{"start":{"line":4,"column":0},"end":{"line":4,"column":null}},"1":{"start":{"line":4,"column":54},"end":{"line":4,"column":59}},"2":{"start":{"line":7,"column":8},"end":{"line":7,"column":null}},"3":{"start":{"line":8,"column":8},"end":{"line":8,"column":55}},"4":{"start":{"line":10,"column":0},"end":{"line":10,"column":null}},"5":{"start":{"line":4,"column":13},"end":{"line":4,"column":45}}},"fnMap":{"0":{"name":"(anonymous_6)","decl":{"start":{"line":4,"column":0},"end":{"line":4,"column":13}},"loc":{"start":{"line":4,"column":0},"end":{"line":10,"column":null}}},"1":{"name":"PermissionAlreadyExistsException","decl":{"start":{"line":6,"column":4},"end":{"line":6,"column":23}},"loc":{"start":{"line":6,"column":43},"end":{"line":9,"column":5}}}},"branchMap":{"0":{"loc":{"start":{"line":7,"column":8},"end":{"line":7,"column":null}},"type":"binary-expr","locations":[{"start":{"line":7,"column":8},"end":{"line":7,"column":27}},{"start":{"line":7,"column":27},"end":{"line":7,"column":null}}]}},"s":{"0":1,"1":1,"2":2,"3":2,"4":1,"5":1},"f":{"0":1,"1":2},"b":{"0":[2,0]}}
,"D:\\Swivel_Projects\\Ignite\\Project 1\\backend\\ignite-auth-nodejs\\src\\exceptions\\PermissionNotFoundException.ts": {"path":"D:\\Swivel_Projects\\Ignite\\Project 1\\backend\\ignite-auth-nodejs\\src\\exceptions\\PermissionNotFoundException.ts","statementMap":{"0":{"start":{"line":4,"column":0},"end":{"line":4,"column":null}},"1":{"start":{"line":4,"column":49},"end":{"line":4,"column":54}},"2":{"start":{"line":7,"column":8},"end":{"line":7,"column":null}},"3":{"start":{"line":8,"column":8},"end":{"line":8,"column":50}},"4":{"start":{"line":10,"column":0},"end":{"line":10,"column":null}},"5":{"start":{"line":4,"column":13},"end":{"line":4,"column":40}}},"fnMap":{"0":{"name":"(anonymous_6)","decl":{"start":{"line":4,"column":0},"end":{"line":4,"column":13}},"loc":{"start":{"line":4,"column":0},"end":{"line":10,"column":null}}},"1":{"name":"PermissionNotFoundException","decl":{"start":{"line":6,"column":4},"end":{"line":6,"column":23}},"loc":{"start":{"line":6,"column":43},"end":{"line":9,"column":5}}}},"branchMap":{"0":{"loc":{"start":{"line":7,"column":8},"end":{"line":7,"column":null}},"type":"binary-expr","locations":[{"start":{"line":7,"column":8},"end":{"line":7,"column":27}},{"start":{"line":7,"column":27},"end":{"line":7,"column":null}}]}},"s":{"0":1,"1":1,"2":2,"3":2,"4":1,"5":1},"f":{"0":1,"1":2},"b":{"0":[2,0]}}
,"D:\\Swivel_Projects\\Ignite\\Project 1\\backend\\ignite-auth-nodejs\\src\\exceptions\\RoleAlreadyExistsException.ts": {"path":"D:\\Swivel_Projects\\Ignite\\Project 1\\backend\\ignite-auth-nodejs\\src\\exceptions\\RoleAlreadyExistsException.ts","statementMap":{"0":{"start":{"line":4,"column":0},"end":{"line":4,"column":null}},"1":{"start":{"line":4,"column":48},"end":{"line":4,"column":53}},"2":{"start":{"line":7,"column":8},"end":{"line":7,"column":null}},"3":{"start":{"line":8,"column":8},"end":{"line":8,"column":49}},"4":{"start":{"line":10,"column":0},"end":{"line":10,"column":null}},"5":{"start":{"line":4,"column":13},"end":{"line":4,"column":39}}},"fnMap":{"0":{"name":"(anonymous_6)","decl":{"start":{"line":4,"column":0},"end":{"line":4,"column":13}},"loc":{"start":{"line":4,"column":0},"end":{"line":10,"column":null}}},"1":{"name":"RoleAlreadyExistsException","decl":{"start":{"line":6,"column":4},"end":{"line":6,"column":23}},"loc":{"start":{"line":6,"column":43},"end":{"line":9,"column":5}}}},"branchMap":{"0":{"loc":{"start":{"line":7,"column":8},"end":{"line":7,"column":null}},"type":"binary-expr","locations":[{"start":{"line":7,"column":8},"end":{"line":7,"column":27}},{"start":{"line":7,"column":27},"end":{"line":7,"column":null}}]}},"s":{"0":1,"1":1,"2":2,"3":2,"4":1,"5":1},"f":{"0":1,"1":2},"b":{"0":[2,0]}}
,"D:\\Swivel_Projects\\Ignite\\Project 1\\backend\\ignite-auth-nodejs\\src\\exceptions\\RoleNotFoundException.ts": {"path":"D:\\Swivel_Projects\\Ignite\\Project 1\\backend\\ignite-auth-nodejs\\src\\exceptions\\RoleNotFoundException.ts","statementMap":{"0":{"start":{"line":4,"column":0},"end":{"line":4,"column":null}},"1":{"start":{"line":4,"column":43},"end":{"line":4,"column":48}},"2":{"start":{"line":7,"column":8},"end":{"line":7,"column":null}},"3":{"start":{"line":8,"column":8},"end":{"line":8,"column":44}},"4":{"start":{"line":10,"column":0},"end":{"line":10,"column":null}},"5":{"start":{"line":4,"column":13},"end":{"line":4,"column":34}}},"fnMap":{"0":{"name":"(anonymous_6)","decl":{"start":{"line":4,"column":0},"end":{"line":4,"column":13}},"loc":{"start":{"line":4,"column":0},"end":{"line":10,"column":null}}},"1":{"name":"RoleNotFoundException","decl":{"start":{"line":6,"column":4},"end":{"line":6,"column":23}},"loc":{"start":{"line":6,"column":43},"end":{"line":9,"column":5}}}},"branchMap":{"0":{"loc":{"start":{"line":7,"column":8},"end":{"line":7,"column":null}},"type":"binary-expr","locations":[{"start":{"line":7,"column":8},"end":{"line":7,"column":27}},{"start":{"line":7,"column":27},"end":{"line":7,"column":null}}]}},"s":{"0":1,"1":1,"2":2,"3":2,"4":1,"5":1},"f":{"0":1,"1":2},"b":{"0":[2,0]}}
,"D:\\Swivel_Projects\\Ignite\\Project 1\\backend\\ignite-auth-nodejs\\src\\exceptions\\UserAlreadyExistsException.ts": {"path":"D:\\Swivel_Projects\\Ignite\\Project 1\\backend\\ignite-auth-nodejs\\src\\exceptions\\UserAlreadyExistsException.ts","statementMap":{"0":{"start":{"line":4,"column":0},"end":{"line":4,"column":null}},"1":{"start":{"line":4,"column":48},"end":{"line":4,"column":53}},"2":{"start":{"line":7,"column":8},"end":{"line":7,"column":null}},"3":{"start":{"line":8,"column":8},"end":{"line":8,"column":49}},"4":{"start":{"line":10,"column":0},"end":{"line":10,"column":null}},"5":{"start":{"line":4,"column":13},"end":{"line":4,"column":39}}},"fnMap":{"0":{"name":"(anonymous_6)","decl":{"start":{"line":4,"column":0},"end":{"line":4,"column":13}},"loc":{"start":{"line":4,"column":0},"end":{"line":10,"column":null}}},"1":{"name":"UserAlreadyExistsException","decl":{"start":{"line":6,"column":4},"end":{"line":6,"column":23}},"loc":{"start":{"line":6,"column":43},"end":{"line":9,"column":5}}}},"branchMap":{"0":{"loc":{"start":{"line":7,"column":8},"end":{"line":7,"column":null}},"type":"binary-expr","locations":[{"start":{"line":7,"column":8},"end":{"line":7,"column":27}},{"start":{"line":7,"column":27},"end":{"line":7,"column":null}}]}},"s":{"0":1,"1":1,"2":2,"3":2,"4":1,"5":1},"f":{"0":1,"1":2},"b":{"0":[2,0]}}
,"D:\\Swivel_Projects\\Ignite\\Project 1\\backend\\ignite-auth-nodejs\\src\\exceptions\\UserNotFoundException.ts": {"path":"D:\\Swivel_Projects\\Ignite\\Project 1\\backend\\ignite-auth-nodejs\\src\\exceptions\\UserNotFoundException.ts","statementMap":{"0":{"start":{"line":4,"column":0},"end":{"line":4,"column":null}},"1":{"start":{"line":4,"column":43},"end":{"line":4,"column":48}},"2":{"start":{"line":7,"column":8},"end":{"line":7,"column":null}},"3":{"start":{"line":8,"column":8},"end":{"line":8,"column":44}},"4":{"start":{"line":10,"column":0},"end":{"line":10,"column":null}},"5":{"start":{"line":4,"column":13},"end":{"line":4,"column":34}}},"fnMap":{"0":{"name":"(anonymous_6)","decl":{"start":{"line":4,"column":0},"end":{"line":4,"column":13}},"loc":{"start":{"line":4,"column":0},"end":{"line":10,"column":null}}},"1":{"name":"UserNotFoundException","decl":{"start":{"line":6,"column":4},"end":{"line":6,"column":23}},"loc":{"start":{"line":6,"column":43},"end":{"line":9,"column":5}}}},"branchMap":{"0":{"loc":{"start":{"line":7,"column":8},"end":{"line":7,"column":null}},"type":"binary-expr","locations":[{"start":{"line":7,"column":8},"end":{"line":7,"column":27}},{"start":{"line":7,"column":27},"end":{"line":7,"column":null}}]}},"s":{"0":1,"1":1,"2":2,"3":2,"4":1,"5":1},"f":{"0":1,"1":2},"b":{"0":[2,0]}}
,"D:\\Swivel_Projects\\Ignite\\Project 1\\backend\\ignite-auth-nodejs\\src\\repository\\AuthRepository.ts": {"path":"D:\\Swivel_Projects\\Ignite\\Project 1\\backend\\ignite-auth-nodejs\\src\\repository\\AuthRepository.ts","statementMap":{"0":{"start":{"line":1,"column":0},"end":{"line":1,"column":36}},"1":{"start":{"line":2,"column":0},"end":{"line":2,"column":74}},"2":{"start":{"line":4,"column":0},"end":{"line":4,"column":45}},"3":{"start":{"line":5,"column":0},"end":{"line":5,"column":28}},"4":{"start":{"line":6,"column":0},"end":{"line":6,"column":57}},"5":{"start":{"line":7,"column":0},"end":{"line":7,"column":76}},"6":{"start":{"line":8,"column":0},"end":{"line":8,"column":78}},"7":{"start":{"line":13,"column":0},"end":{"line":13,"column":null}},"8":{"start":{"line":19,"column":8},"end":{"line":19,"column":46}},"9":{"start":{"line":27,"column":17},"end":{"line":35,"column":null}},"10":{"start":{"line":28,"column":30},"end":{"line":28,"column":null}},"11":{"start":{"line":28,"column":14},"end":{"line":28,"column":null}},"12":{"start":{"line":29,"column":8},"end":{"line":29,"column":40}},"13":{"start":{"line":31,"column":12},"end":{"line":31,"column":45}},"14":{"start":{"line":33,"column":12},"end":{"line":33,"column":86}},"15":{"start":{"line":43,"column":17},"end":{"line":51,"column":null}},"16":{"start":{"line":45,"column":19},"end":{"line":47,"column":22}},"17":{"start":{"line":45,"column":12},"end":{"line":47,"column":22}},"18":{"start":{"line":49,"column":12},"end":{"line":49,"column":96}},"19":{"start":{"line":60,"column":17},"end":{"line":80,"column":null}},"20":{"start":{"line":61,"column":12},"end":{"line":61,"column":24}},"21":{"start":{"line":64,"column":19},"end":{"line":68,"column":22}},"22":{"start":{"line":64,"column":12},"end":{"line":68,"column":22}},"23":{"start":{"line":70,"column":12},"end":{"line":70,"column":109}},"24":{"start":{"line":73,"column":8},"end":{"line":75,"column":null}},"25":{"start":{"line":74,"column":12},"end":{"line":74,"column":84}},"26":{"start":{"line":76,"column":13},"end":{"line":76,"column":null}},"27":{"start":{"line":76,"column":8},"end":{"line":77,"column":105}},"28":{"start":{"line":77,"column":12},"end":{"line":77,"column":105}},"29":{"start":{"line":79,"column":8},"end":{"line":79,"column":20}},"30":{"start":{"line":15,"column":19},"end":{"line":15,"column":48}},"31":{"start":{"line":81,"column":0},"end":{"line":81,"column":null}}},"fnMap":{"0":{"name":"(anonymous_14)","decl":{"start":{"line":13,"column":0},"end":{"line":13,"column":null}},"loc":{"start":{"line":13,"column":0},"end":{"line":13,"column":null}}},"1":{"name":"AuthRepository","decl":{"start":{"line":18,"column":4},"end":{"line":18,"column":null}},"loc":{"start":{"line":18,"column":4},"end":{"line":20,"column":5}}},"2":{"name":"(anonymous_16)","decl":{"start":{"line":27,"column":4},"end":{"line":27,"column":17}},"loc":{"start":{"line":27,"column":32},"end":{"line":35,"column":null}}},"3":{"name":"(anonymous_19)","decl":{"start":{"line":43,"column":4},"end":{"line":43,"column":17}},"loc":{"start":{"line":43,"column":42},"end":{"line":51,"column":null}}},"4":{"name":"(anonymous_22)","decl":{"start":{"line":60,"column":4},"end":{"line":60,"column":17}},"loc":{"start":{"line":60,"column":71},"end":{"line":80,"column":null}}}},"branchMap":{"0":{"loc":{"start":{"line":28,"column":30},"end":{"line":28,"column":null}},"type":"switch","locations":[{"start":{"line":28,"column":30},"end":{"line":28,"column":null}}]},"1":{"loc":{"start":{"line":45,"column":12},"end":{"line":47,"column":22}},"type":"switch","locations":[{"start":{"line":45,"column":12},"end":{"line":47,"column":22}}]},"2":{"loc":{"start":{"line":73,"column":8},"end":{"line":75,"column":null}},"type":"if","locations":[{"start":{"line":73,"column":8},"end":{"line":75,"column":null}}]},"3":{"loc":{"start":{"line":76,"column":8},"end":{"line":77,"column":105}},"type":"if","locations":[{"start":{"line":76,"column":8},"end":{"line":77,"column":105}}]}},"s":{"0":1,"1":1,"2":1,"3":1,"4":1,"5":1,"6":1,"7":1,"8":8,"9":1,"10":2,"11":2,"12":2,"13":4,"14":1,"15":1,"16":2,"17":2,"18":1,"19":1,"20":4,"21":4,"22":4,"23":1,"24":3,"25":1,"26":2,"27":2,"28":1,"29":1,"30":1,"31":1},"f":{"0":1,"1":8,"2":2,"3":2,"4":4},"b":{"0":[2],"1":[2],"2":[1],"3":[1]}}
,"D:\\Swivel_Projects\\Ignite\\Project 1\\backend\\ignite-auth-nodejs\\src\\repository\\PermissionRepository.ts": {"path":"D:\\Swivel_Projects\\Ignite\\Project 1\\backend\\ignite-auth-nodejs\\src\\repository\\PermissionRepository.ts","statementMap":{"0":{"start":{"line":1,"column":0},"end":{"line":1,"column":74}},"1":{"start":{"line":3,"column":0},"end":{"line":3,"column":45}},"2":{"start":{"line":4,"column":0},"end":{"line":4,"column":48}},"3":{"start":{"line":9,"column":0},"end":{"line":9,"column":13}},"4":{"start":{"line":14,"column":8},"end":{"line":14,"column":52}},"5":{"start":{"line":22,"column":17},"end":{"line":28,"column":null}},"6":{"start":{"line":24,"column":12},"end":{"line":24,"column":51}},"7":{"start":{"line":26,"column":12},"end":{"line":26,"column":92}},"8":{"start":{"line":36,"column":17},"end":{"line":44,"column":null}},"9":{"start":{"line":38,"column":19},"end":{"line":40,"column":22}},"10":{"start":{"line":38,"column":12},"end":{"line":40,"column":22}},"11":{"start":{"line":42,"column":12},"end":{"line":42,"column":107}},"12":{"start":{"line":45,"column":0},"end":{"line":45,"column":null}},"13":{"start":{"line":9,"column":13},"end":{"line":9,"column":33}}},"fnMap":{"0":{"name":"(anonymous_14)","decl":{"start":{"line":9,"column":0},"end":{"line":9,"column":13}},"loc":{"start":{"line":9,"column":0},"end":{"line":45,"column":null}}},"1":{"name":"PermissionRepository","decl":{"start":{"line":13,"column":4},"end":{"line":13,"column":null}},"loc":{"start":{"line":13,"column":4},"end":{"line":15,"column":5}}},"2":{"name":"(anonymous_16)","decl":{"start":{"line":22,"column":4},"end":{"line":22,"column":17}},"loc":{"start":{"line":22,"column":44},"end":{"line":28,"column":null}}},"3":{"name":"(anonymous_19)","decl":{"start":{"line":36,"column":4},"end":{"line":36,"column":17}},"loc":{"start":{"line":36,"column":52},"end":{"line":44,"column":null}}}},"branchMap":{"0":{"loc":{"start":{"line":38,"column":12},"end":{"line":40,"column":22}},"type":"switch","locations":[{"start":{"line":38,"column":12},"end":{"line":40,"column":22}}]}},"s":{"0":1,"1":1,"2":1,"3":1,"4":4,"5":1,"6":4,"7":1,"8":1,"9":2,"10":2,"11":1,"12":1,"13":1},"f":{"0":1,"1":4,"2":2,"3":2},"b":{"0":[2]}}
,"D:\\Swivel_Projects\\Ignite\\Project 1\\backend\\ignite-auth-nodejs\\src\\repository\\RoleRepository.ts": {"path":"D:\\Swivel_Projects\\Ignite\\Project 1\\backend\\ignite-auth-nodejs\\src\\repository\\RoleRepository.ts","statementMap":{"0":{"start":{"line":1,"column":0},"end":{"line":1,"column":74}},"1":{"start":{"line":3,"column":0},"end":{"line":3,"column":45}},"2":{"start":{"line":4,"column":0},"end":{"line":4,"column":36}},"3":{"start":{"line":10,"column":0},"end":{"line":10,"column":13}},"4":{"start":{"line":15,"column":8},"end":{"line":15,"column":46}},"5":{"start":{"line":24,"column":17},"end":{"line":30,"column":null}},"6":{"start":{"line":26,"column":19},"end":{"line":26,"column":52}},"7":{"start":{"line":26,"column":12},"end":{"line":26,"column":52}},"8":{"start":{"line":28,"column":12},"end":{"line":28,"column":86}},"9":{"start":{"line":38,"column":17},"end":{"line":46,"column":null}},"10":{"start":{"line":40,"column":19},"end":{"line":42,"column":22}},"11":{"start":{"line":40,"column":12},"end":{"line":42,"column":22}},"12":{"start":{"line":44,"column":12},"end":{"line":44,"column":99}},"13":{"start":{"line":47,"column":0},"end":{"line":47,"column":null}},"14":{"start":{"line":10,"column":13},"end":{"line":10,"column":27}}},"fnMap":{"0":{"name":"(anonymous_14)","decl":{"start":{"line":10,"column":0},"end":{"line":10,"column":13}},"loc":{"start":{"line":10,"column":0},"end":{"line":47,"column":null}}},"1":{"name":"RoleRepository","decl":{"start":{"line":14,"column":4},"end":{"line":14,"column":null}},"loc":{"start":{"line":14,"column":4},"end":{"line":16,"column":5}}},"2":{"name":"(anonymous_16)","decl":{"start":{"line":24,"column":4},"end":{"line":24,"column":17}},"loc":{"start":{"line":24,"column":32},"end":{"line":30,"column":null}}},"3":{"name":"(anonymous_19)","decl":{"start":{"line":38,"column":4},"end":{"line":38,"column":17}},"loc":{"start":{"line":38,"column":42},"end":{"line":46,"column":null}}}},"branchMap":{"0":{"loc":{"start":{"line":26,"column":12},"end":{"line":26,"column":52}},"type":"switch","locations":[{"start":{"line":26,"column":12},"end":{"line":26,"column":52}}]},"1":{"loc":{"start":{"line":40,"column":12},"end":{"line":42,"column":22}},"type":"switch","locations":[{"start":{"line":40,"column":12},"end":{"line":42,"column":22}}]}},"s":{"0":1,"1":1,"2":1,"3":1,"4":4,"5":1,"6":2,"7":2,"8":1,"9":1,"10":2,"11":2,"12":1,"13":1,"14":1},"f":{"0":1,"1":4,"2":2,"3":2},"b":{"0":[2],"1":[2]}}
,"D:\\Swivel_Projects\\Ignite\\Project 1\\backend\\ignite-auth-nodejs\\src\\services\\AuthService.ts": {"path":"D:\\Swivel_Projects\\Ignite\\Project 1\\backend\\ignite-auth-nodejs\\src\\services\\AuthService.ts","statementMap":{"0":{"start":{"line":2,"column":0},"end":{"line":2,"column":57}},"1":{"start":{"line":3,"column":0},"end":{"line":3,"column":86}},"2":{"start":{"line":4,"column":0},"end":{"line":4,"column":62}},"3":{"start":{"line":6,"column":0},"end":{"line":6,"column":81}},"4":{"start":{"line":7,"column":0},"end":{"line":7,"column":51}},"5":{"start":{"line":8,"column":0},"end":{"line":8,"column":82}},"6":{"start":{"line":9,"column":19},"end":{"line":9,"column":42}},"7":{"start":{"line":15,"column":0},"end":{"line":15,"column":13}},"8":{"start":{"line":20,"column":8},"end":{"line":20,"column":51}},"9":{"start":{"line":29,"column":17},"end":{"line":42,"column":null}},"10":{"start":{"line":30,"column":21},"end":{"line":30,"column":null}},"11":{"start":{"line":30,"column":14},"end":{"line":30,"column":null}},"12":{"start":{"line":31,"column":8},"end":{"line":33,"column":null}},"13":{"start":{"line":32,"column":12},"end":{"line":32,"column":72}},"14":{"start":{"line":34,"column":8},"end":{"line":34,"column":45}},"15":{"start":{"line":37,"column":8},"end":{"line":41,"column":11}},"16":{"start":{"line":50,"column":17},"end":{"line":75,"column":null}},"17":{"start":{"line":52,"column":21},"end":{"line":53,"column":null}},"18":{"start":{"line":52,"column":14},"end":{"line":53,"column":null}},"19":{"start":{"line":55,"column":14},"end":{"line":55,"column":33}},"20":{"start":{"line":56,"column":14},"end":{"line":56,"column":44}},"21":{"start":{"line":57,"column":12},"end":{"line":57,"column":48}},"22":{"start":{"line":58,"column":8},"end":{"line":63,"column":null}},"23":{"start":{"line":59,"column":32},"end":{"line":59,"column":48}},"24":{"start":{"line":60,"column":12},"end":{"line":62,"column":null}},"25":{"start":{"line":61,"column":16},"end":{"line":61,"column":83}},"26":{"start":{"line":64,"column":8},"end":{"line":64,"column":50}},"27":{"start":{"line":66,"column":14},"end":{"line":67,"column":108}},"28":{"start":{"line":70,"column":8},"end":{"line":74,"column":11}},"29":{"start":{"line":76,"column":0},"end":{"line":76,"column":null}},"30":{"start":{"line":15,"column":13},"end":{"line":15,"column":24}}},"fnMap":{"0":{"name":"(anonymous_14)","decl":{"start":{"line":15,"column":0},"end":{"line":15,"column":13}},"loc":{"start":{"line":15,"column":0},"end":{"line":76,"column":null}}},"1":{"name":"AuthService","decl":{"start":{"line":19,"column":4},"end":{"line":19,"column":null}},"loc":{"start":{"line":19,"column":4},"end":{"line":21,"column":5}}},"2":{"name":"(anonymous_16)","decl":{"start":{"line":29,"column":4},"end":{"line":29,"column":17}},"loc":{"start":{"line":29,"column":38},"end":{"line":42,"column":null}}},"3":{"name":"(anonymous_19)","decl":{"start":{"line":50,"column":4},"end":{"line":50,"column":17}},"loc":{"start":{"line":50,"column":50},"end":{"line":75,"column":null}}},"4":{"name":"(anonymous_22)","decl":{"start":{"line":58,"column":22},"end":{"line":58,"column":26}},"loc":{"start":{"line":58,"column":26},"end":{"line":63,"column":9}}},"5":{"name":"(anonymous_23)","decl":{"start":{"line":60,"column":32},"end":{"line":60,"column":42}},"loc":{"start":{"line":60,"column":42},"end":{"line":62,"column":13}}}},"branchMap":{"0":{"loc":{"start":{"line":30,"column":21},"end":{"line":30,"column":null}},"type":"switch","locations":[{"start":{"line":30,"column":21},"end":{"line":30,"column":null}}]},"1":{"loc":{"start":{"line":31,"column":8},"end":{"line":33,"column":null}},"type":"if","locations":[{"start":{"line":31,"column":8},"end":{"line":33,"column":null}}]},"2":{"loc":{"start":{"line":52,"column":21},"end":{"line":53,"column":null}},"type":"switch","locations":[{"start":{"line":52,"column":21},"end":{"line":53,"column":null}}]}},"s":{"0":1,"1":1,"2":1,"3":1,"4":1,"5":1,"6":1,"7":1,"8":3,"9":1,"10":2,"11":2,"12":2,"13":1,"14":2,"15":1,"16":1,"17":1,"18":1,"19":1,"20":1,"21":1,"22":1,"23":1,"24":1,"25":1,"26":1,"27":1,"28":1,"29":1,"30":1},"f":{"0":1,"1":3,"2":2,"3":1,"4":1,"5":1},"b":{"0":[2],"1":[1],"2":[1]}}
,"D:\\Swivel_Projects\\Ignite\\Project 1\\backend\\ignite-auth-nodejs\\src\\services\\PermissionService.ts": {"path":"D:\\Swivel_Projects\\Ignite\\Project 1\\backend\\ignite-auth-nodejs\\src\\services\\PermissionService.ts","statementMap":{"0":{"start":{"line":1,"column":0},"end":{"line":1,"column":57}},"1":{"start":{"line":2,"column":0},"end":{"line":2,"column":98}},"2":{"start":{"line":3,"column":0},"end":{"line":3,"column":74}},"3":{"start":{"line":5,"column":0},"end":{"line":5,"column":88}},"4":{"start":{"line":10,"column":0},"end":{"line":10,"column":13}},"5":{"start":{"line":15,"column":8},"end":{"line":15,"column":63}},"6":{"start":{"line":23,"column":17},"end":{"line":29,"column":null}},"7":{"start":{"line":24,"column":27},"end":{"line":24,"column":null}},"8":{"start":{"line":24,"column":14},"end":{"line":24,"column":null}},"9":{"start":{"line":25,"column":8},"end":{"line":27,"column":null}},"10":{"start":{"line":26,"column":12},"end":{"line":26,"column":84}},"11":{"start":{"line":28,"column":8},"end":{"line":28,"column":57}},"12":{"start":{"line":37,"column":17},"end":{"line":43,"column":null}},"13":{"start":{"line":38,"column":27},"end":{"line":38,"column":null}},"14":{"start":{"line":38,"column":14},"end":{"line":38,"column":null}},"15":{"start":{"line":39,"column":8},"end":{"line":41,"column":null}},"16":{"start":{"line":40,"column":12},"end":{"line":40,"column":119}},"17":{"start":{"line":42,"column":8},"end":{"line":42,"column":26}},"18":{"start":{"line":44,"column":0},"end":{"line":44,"column":null}},"19":{"start":{"line":10,"column":13},"end":{"line":10,"column":30}}},"fnMap":{"0":{"name":"(anonymous_13)","decl":{"start":{"line":10,"column":0},"end":{"line":10,"column":13}},"loc":{"start":{"line":10,"column":0},"end":{"line":44,"column":null}}},"1":{"name":"PermissionService","decl":{"start":{"line":14,"column":4},"end":{"line":14,"column":null}},"loc":{"start":{"line":14,"column":4},"end":{"line":16,"column":5}}},"2":{"name":"(anonymous_15)","decl":{"start":{"line":23,"column":4},"end":{"line":23,"column":17}},"loc":{"start":{"line":23,"column":56},"end":{"line":29,"column":null}}},"3":{"name":"(anonymous_18)","decl":{"start":{"line":37,"column":4},"end":{"line":37,"column":17}},"loc":{"start":{"line":37,"column":52},"end":{"line":43,"column":null}}}},"branchMap":{"0":{"loc":{"start":{"line":24,"column":27},"end":{"line":24,"column":null}},"type":"switch","locations":[{"start":{"line":24,"column":27},"end":{"line":24,"column":null}}]},"1":{"loc":{"start":{"line":25,"column":8},"end":{"line":27,"column":null}},"type":"if","locations":[{"start":{"line":25,"column":8},"end":{"line":27,"column":null}}]},"2":{"loc":{"start":{"line":38,"column":27},"end":{"line":38,"column":null}},"type":"switch","locations":[{"start":{"line":38,"column":27},"end":{"line":38,"column":null}}]},"3":{"loc":{"start":{"line":39,"column":8},"end":{"line":41,"column":null}},"type":"if","locations":[{"start":{"line":39,"column":8},"end":{"line":41,"column":null}}]}},"s":{"0":1,"1":1,"2":1,"3":1,"4":1,"5":4,"6":1,"7":2,"8":2,"9":2,"10":1,"11":2,"12":1,"13":2,"14":2,"15":2,"16":1,"17":1,"18":1,"19":1},"f":{"0":1,"1":4,"2":2,"3":2},"b":{"0":[2],"1":[1],"2":[2],"3":[1]}}
,"D:\\Swivel_Projects\\Ignite\\Project 1\\backend\\ignite-auth-nodejs\\src\\services\\RoleService.ts": {"path":"D:\\Swivel_Projects\\Ignite\\Project 1\\backend\\ignite-auth-nodejs\\src\\services\\RoleService.ts","statementMap":{"0":{"start":{"line":1,"column":0},"end":{"line":1,"column":57}},"1":{"start":{"line":2,"column":0},"end":{"line":2,"column":86}},"2":{"start":{"line":3,"column":0},"end":{"line":3,"column":62}},"3":{"start":{"line":5,"column":0},"end":{"line":5,"column":76}},"4":{"start":{"line":11,"column":0},"end":{"line":11,"column":13}},"5":{"start":{"line":16,"column":8},"end":{"line":16,"column":51}},"6":{"start":{"line":24,"column":17},"end":{"line":30,"column":null}},"7":{"start":{"line":25,"column":21},"end":{"line":25,"column":null}},"8":{"start":{"line":25,"column":14},"end":{"line":25,"column":null}},"9":{"start":{"line":26,"column":8},"end":{"line":28,"column":null}},"10":{"start":{"line":27,"column":12},"end":{"line":27,"column":72}},"11":{"start":{"line":29,"column":8},"end":{"line":29,"column":45}},"12":{"start":{"line":38,"column":17},"end":{"line":44,"column":null}},"13":{"start":{"line":39,"column":21},"end":{"line":39,"column":null}},"14":{"start":{"line":39,"column":14},"end":{"line":39,"column":null}},"15":{"start":{"line":40,"column":8},"end":{"line":42,"column":null}},"16":{"start":{"line":41,"column":12},"end":{"line":41,"column":110}},"17":{"start":{"line":43,"column":8},"end":{"line":43,"column":20}},"18":{"start":{"line":45,"column":0},"end":{"line":45,"column":null}},"19":{"start":{"line":11,"column":13},"end":{"line":11,"column":24}}},"fnMap":{"0":{"name":"(anonymous_13)","decl":{"start":{"line":11,"column":0},"end":{"line":11,"column":13}},"loc":{"start":{"line":11,"column":0},"end":{"line":45,"column":null}}},"1":{"name":"RoleService","decl":{"start":{"line":15,"column":4},"end":{"line":15,"column":null}},"loc":{"start":{"line":15,"column":4},"end":{"line":17,"column":5}}},"2":{"name":"(anonymous_15)","decl":{"start":{"line":24,"column":4},"end":{"line":24,"column":17}},"loc":{"start":{"line":24,"column":38},"end":{"line":30,"column":null}}},"3":{"name":"(anonymous_18)","decl":{"start":{"line":38,"column":4},"end":{"line":38,"column":17}},"loc":{"start":{"line":38,"column":46},"end":{"line":44,"column":null}}}},"branchMap":{"0":{"loc":{"start":{"line":25,"column":21},"end":{"line":25,"column":null}},"type":"switch","locations":[{"start":{"line":25,"column":21},"end":{"line":25,"column":null}}]},"1":{"loc":{"start":{"line":26,"column":8},"end":{"line":28,"column":null}},"type":"if","locations":[{"start":{"line":26,"column":8},"end":{"line":28,"column":null}}]},"2":{"loc":{"start":{"line":39,"column":21},"end":{"line":39,"column":null}},"type":"switch","locations":[{"start":{"line":39,"column":21},"end":{"line":39,"column":null}}]},"3":{"loc":{"start":{"line":40,"column":8},"end":{"line":42,"column":null}},"type":"if","locations":[{"start":{"line":40,"column":8},"end":{"line":42,"column":null}}]}},"s":{"0":1,"1":1,"2":1,"3":1,"4":1,"5":4,"6":1,"7":2,"8":2,"9":2,"10":1,"11":2,"12":1,"13":2,"14":2,"15":2,"16":1,"17":1,"18":1,"19":1},"f":{"0":1,"1":4,"2":2,"3":2},"b":{"0":[2],"1":[1],"2":[2],"3":[1]}}
,"D:\\Swivel_Projects\\Ignite\\Project 1\\backend\\ignite-auth-nodejs\\src\\utils\\constants.ts": {"path":"D:\\Swivel_Projects\\Ignite\\Project 1\\backend\\ignite-auth-nodejs\\src\\utils\\constants.ts","statementMap":{"0":{"start":{"line":5,"column":13},"end":{"line":5,"column":45}},"1":{"start":{"line":7,"column":13},"end":{"line":7,"column":49}},"2":{"start":{"line":8,"column":13},"end":{"line":8,"column":42}},"3":{"start":{"line":9,"column":13},"end":{"line":9,"column":48}},"4":{"start":{"line":11,"column":13},"end":{"line":11,"column":34}},"5":{"start":{"line":13,"column":13},"end":{"line":13,"column":48}},"6":{"start":{"line":14,"column":13},"end":{"line":14,"column":49}},"7":{"start":{"line":15,"column":13},"end":{"line":15,"column":61}},"8":{"start":{"line":17,"column":13},"end":{"line":17,"column":56}},"9":{"start":{"line":18,"column":13},"end":{"line":18,"column":50}}},"fnMap":{},"branchMap":{"0":{"loc":{"start":{"line":5,"column":20},"end":{"line":5,"column":44}},"type":"binary-expr","locations":[{"start":{"line":5,"column":20},"end":{"line":5,"column":36}},{"start":{"line":5,"column":40},"end":{"line":5,"column":44}}]}},"s":{"0":1,"1":1,"2":1,"3":1,"4":1,"5":1,"6":1,"7":1,"8":1,"9":1},"f":{},"b":{"0":[1,1]}}
}
