TN:
SF:src\dto\request\LoginRequestDto.ts
FN:7,(anonymous_6)
FN:12,LoginRequestDto
FN:18,(anonymous_8)
FN:26,(anonymous_9)
FNF:4
FNH:3
FNDA:1,(anonymous_6)
FNDA:1,LoginRequestDto
FNDA:2,(anonymous_8)
FNDA:0,(anonymous_9)
DA:1,1
DA:2,1
DA:7,1
DA:13,1
DA:14,1
DA:15,1
DA:18,1
DA:19,2
DA:20,1
DA:21,1
DA:22,1
DA:23,0
DA:26,1
DA:27,0
DA:29,1
LF:15
LH:13
BRDA:13,0,0,1
BRDA:13,0,1,1
BRDA:19,1,0,1
BRDA:21,2,0,1
BRDA:27,3,0,0
BRDA:27,3,1,0
BRF:6
BRH:4
end_of_record
TN:
SF:src\dto\request\PermissionCreateRequestDto.ts
FN:8,(anonymous_6)
FN:12,PermissionCreateRequestDto
FN:17,(anonymous_8)
FN:23,(anonymous_9)
FNF:4
FNH:1
FNDA:6,(anonymous_6)
FNDA:0,PermissionCreateRequestDto
FNDA:0,(anonymous_8)
FNDA:0,(anonymous_9)
DA:1,6
DA:3,6
DA:8,6
DA:13,0
DA:14,0
DA:17,6
DA:18,0
DA:19,0
DA:20,0
DA:23,6
DA:24,0
DA:26,6
LF:12
LH:6
BRDA:13,0,0,0
BRDA:13,0,1,0
BRDA:18,1,0,0
BRF:3
BRH:0
end_of_record
TN:
SF:src\dto\request\RequestDto.ts
FN:6,(anonymous_0)
FN:19,(anonymous_2)
FN:23,(anonymous_3)
FNF:3
FNH:1
FNDA:7,(anonymous_0)
FNDA:0,(anonymous_2)
FNDA:0,(anonymous_3)
DA:6,6
DA:19,6
DA:20,0
DA:23,6
DA:24,0
DA:27,6
LF:6
LH:4
BRDA:20,0,0,0
BRDA:20,0,1,0
BRDA:20,0,2,0
BRF:3
BRH:0
end_of_record
TN:
SF:src\dto\request\RoleCreateRequestDto.ts
FN:9,(anonymous_6)
FN:14,RoleCreateRequestDto
FN:19,(anonymous_8)
FN:27,(anonymous_9)
FNF:4
FNH:1
FNDA:4,(anonymous_6)
FNDA:0,RoleCreateRequestDto
FNDA:0,(anonymous_8)
FNDA:0,(anonymous_9)
DA:1,4
DA:4,4
DA:9,4
DA:15,0
DA:16,0
DA:19,4
DA:20,0
DA:21,0
DA:22,0
DA:23,0
DA:24,0
DA:27,4
DA:28,0
DA:30,4
LF:14
LH:6
BRDA:15,0,0,0
BRDA:15,0,1,0
BRDA:20,1,0,0
BRDA:22,2,0,0
BRDA:28,3,0,0
BRDA:28,3,1,0
BRF:6
BRH:0
end_of_record
TN:
SF:src\dto\request\UserCreateRequestDto.ts
FN:8,(anonymous_6)
FN:16,UserCreateRequestDto
FN:24,(anonymous_8)
FN:38,(anonymous_9)
FNF:4
FNH:1
FNDA:2,(anonymous_6)
FNDA:0,UserCreateRequestDto
FNDA:0,(anonymous_8)
FNDA:0,(anonymous_9)
DA:1,2
DA:3,2
DA:8,2
DA:17,0
DA:18,0
DA:19,0
DA:20,0
DA:21,0
DA:24,2
DA:25,0
DA:26,0
DA:27,0
DA:28,0
DA:29,0
DA:30,0
DA:31,0
DA:32,0
DA:33,0
DA:34,0
DA:35,0
DA:38,2
DA:39,0
DA:43,2
LF:23
LH:6
BRDA:17,0,0,0
BRDA:17,0,1,0
BRDA:25,1,0,0
BRDA:27,2,0,0
BRDA:29,3,0,0
BRDA:31,4,0,0
BRDA:33,5,0,0
BRDA:39,6,0,0
BRDA:39,6,1,0
BRDA:39,6,2,0
BRDA:39,6,3,0
BRDA:39,6,4,0
BRF:12
BRH:0
end_of_record
TN:
SF:src\dto\response\ResponseDto.ts
FN:6,(anonymous_0)
FN:8,(anonymous_2)
FNF:2
FNH:2
FNDA:3,(anonymous_0)
FNDA:1,(anonymous_2)
DA:6,1
DA:8,1
DA:9,1
DA:12,1
LF:4
LH:4
BRF:0
BRH:0
end_of_record
TN:
SF:src\dto\response\UserJwtPayloadResponseDto.ts
FN:7,(anonymous_6)
FN:15,UserJwtPayloadResponseDto
FN:24,(anonymous_8)
FNF:3
FNH:2
FNDA:1,(anonymous_6)
FNDA:2,UserJwtPayloadResponseDto
FNDA:0,(anonymous_8)
DA:1,1
DA:2,1
DA:7,1
DA:16,2
DA:17,2
DA:18,2
DA:19,2
DA:20,2
DA:21,2
DA:24,1
DA:25,0
DA:26,0
DA:27,0
DA:28,0
DA:29,0
DA:30,0
DA:31,0
DA:32,0
DA:33,0
DA:34,0
DA:35,0
DA:37,1
DA:39,1
LF:23
LH:12
BRDA:16,0,0,2
BRDA:16,0,1,2
BRDA:25,1,0,0
BRDA:27,2,0,0
BRDA:29,3,0,0
BRDA:31,4,0,0
BRDA:33,5,0,0
BRF:7
BRH:2
end_of_record
TN:
SF:src\entities\Permission.ts
FN:12,(anonymous_2)
FN:21,Permission
FN:36,(anonymous_4)
FN:44,(anonymous_5)
FNF:4
FNH:4
FNDA:6,(anonymous_2)
FNDA:3,Permission
FNDA:14,(anonymous_4)
FNDA:2,(anonymous_5)
DA:1,6
DA:2,6
DA:3,6
DA:4,6
DA:5,6
DA:12,6
DA:14,3
DA:17,6
DA:19,6
DA:21,6
DA:22,3
DA:23,3
DA:24,0
DA:25,0
DA:26,0
DA:27,0
DA:28,0
DA:29,0
DA:30,0
DA:31,0
DA:36,6
DA:37,14
DA:38,0
DA:39,14
DA:40,14
DA:41,0
DA:44,6
DA:45,2
DA:46,2
DA:47,2
DA:49,0
DA:51,6
DA:53,6
LF:33
LH:22
BRDA:22,0,0,3
BRDA:24,1,0,0
BRDA:25,2,0,0
BRDA:25,2,1,0
BRDA:29,3,0,0
BRDA:37,4,0,0
BRDA:39,5,0,14
BRDA:45,6,0,2
BRDA:45,7,0,2
BRDA:45,7,1,2
BRF:10
BRH:5
end_of_record
TN:
SF:src\entities\Role.ts
FN:13,(anonymous_3)
FN:35,Role
FN:46,(anonymous_5)
FN:55,(anonymous_6)
FN:65,(anonymous_7)
FN:70,(anonymous_8)
FN:21,(anonymous_9)
FNF:7
FNH:5
FNDA:4,(anonymous_3)
FNDA:3,Role
FNDA:0,(anonymous_5)
FNDA:6,(anonymous_6)
FNDA:3,(anonymous_7)
FNDA:1,(anonymous_8)
FNDA:0,(anonymous_9)
DA:1,4
DA:2,4
DA:3,4
DA:4,4
DA:5,4
DA:6,4
DA:13,4
DA:15,3
DA:18,4
DA:20,4
DA:21,0
DA:33,4
DA:35,6
DA:36,3
DA:37,3
DA:38,0
DA:39,0
DA:40,0
DA:41,0
DA:42,0
DA:45,0
DA:46,0
DA:47,0
DA:48,0
DA:49,0
DA:50,0
DA:55,4
DA:56,6
DA:57,2
DA:58,4
DA:59,4
DA:60,0
DA:61,0
DA:62,0
DA:65,4
DA:66,3
DA:67,2
DA:68,2
DA:70,1
DA:71,1
DA:72,1
DA:74,0
DA:76,4
DA:78,4
LF:44
LH:28
BRDA:36,0,0,3
BRDA:38,1,0,0
BRDA:39,2,0,0
BRDA:45,3,0,0
BRDA:46,4,0,0
BRDA:46,5,0,0
BRDA:46,5,1,0
BRDA:46,5,2,0
BRDA:56,6,0,2
BRDA:58,7,0,4
BRDA:60,8,0,0
BRDA:66,9,0,2
BRDA:66,10,0,3
BRDA:66,10,1,2
BRDA:70,11,0,1
BRDA:70,12,0,1
BRDA:70,12,1,1
BRDA:70,12,2,1
BRF:18
BRH:10
end_of_record
TN:
SF:src\entities\User.ts
FN:13,(anonymous_3)
FN:41,User
FN:55,(anonymous_5)
FN:67,(anonymous_6)
FN:83,(anonymous_7)
FN:88,(anonymous_8)
FN:95,(anonymous_9)
FN:27,(anonymous_10)
FNF:8
FNH:6
FNDA:2,(anonymous_3)
FNDA:2,User
FNDA:0,(anonymous_5)
FNDA:16,(anonymous_6)
FNDA:1,(anonymous_7)
FNDA:1,(anonymous_8)
FNDA:3,(anonymous_9)
FNDA:0,(anonymous_10)
DA:1,2
DA:2,2
DA:3,2
DA:4,2
DA:5,2
DA:6,2
DA:13,2
DA:15,2
DA:18,2
DA:20,2
DA:22,2
DA:24,2
DA:26,2
DA:27,0
DA:39,2
DA:41,4
DA:42,2
DA:43,2
DA:44,0
DA:45,0
DA:46,0
DA:47,0
DA:48,0
DA:49,0
DA:50,0
DA:51,0
DA:54,0
DA:55,0
DA:56,0
DA:57,0
DA:58,0
DA:59,0
DA:60,0
DA:61,0
DA:62,0
DA:67,2
DA:68,16
DA:69,2
DA:70,14
DA:71,2
DA:72,12
DA:73,2
DA:74,10
DA:75,6
DA:76,4
DA:77,4
DA:78,0
DA:79,0
DA:80,0
DA:83,2
DA:84,1
DA:85,0
DA:86,0
DA:88,1
DA:89,1
DA:90,1
DA:92,0
DA:95,2
DA:96,3
DA:98,2
DA:100,2
LF:61
LH:37
BRDA:42,0,0,2
BRDA:44,1,0,0
BRDA:45,2,0,0
BRDA:54,3,0,0
BRDA:55,4,0,0
BRDA:55,5,0,0
BRDA:55,5,1,0
BRDA:55,5,2,0
BRDA:68,6,0,2
BRDA:70,7,0,2
BRDA:72,8,0,2
BRDA:74,9,0,6
BRDA:76,10,0,4
BRDA:78,11,0,0
BRDA:84,12,0,0
BRDA:84,13,0,1
BRDA:84,13,1,0
BRDA:88,14,0,1
BRDA:88,15,0,1
BRDA:88,15,1,1
BRDA:88,15,2,1
BRF:21
BRH:11
end_of_record
TN:
SF:src\enums\DtoProperty.ts
FN:4,(anonymous_0)
FNF:1
FNH:1
FNDA:6,(anonymous_0)
DA:4,6
DA:8,6
DA:10,6
DA:11,6
DA:12,6
DA:13,6
DA:14,6
DA:18,6
DA:20,6
DA:24,6
DA:26,6
DA:29,6
LF:12
LH:12
BRDA:4,0,0,6
BRDA:4,0,1,6
BRF:2
BRH:2
end_of_record
TN:
SF:src\enums\EntityProperty.ts
FN:4,(anonymous_0)
FNF:1
FNH:1
FNDA:6,(anonymous_0)
DA:4,6
DA:7,6
DA:8,6
DA:9,6
DA:10,6
DA:11,6
DA:12,6
DA:15,6
DA:16,6
DA:19,6
LF:10
LH:10
BRDA:4,0,0,6
BRDA:4,0,1,6
BRF:2
BRH:2
end_of_record
TN:
SF:src\enums\RoleType.ts
FN:4,(anonymous_0)
FNF:1
FNH:1
FNDA:2,(anonymous_0)
DA:4,2
DA:6,2
DA:7,2
DA:8,2
LF:4
LH:4
BRDA:4,0,0,2
BRDA:4,0,1,2
BRF:2
BRH:2
end_of_record
TN:
SF:src\exceptions\AuthServiceException.ts
FN:4,(anonymous_6)
FN:6,AuthServiceException
FNF:2
FNH:2
FNDA:3,(anonymous_6)
FNDA:14,AuthServiceException
DA:4,3
DA:7,14
DA:8,14
DA:10,3
LF:4
LH:4
BRDA:7,0,0,14
BRDA:7,0,1,0
BRF:2
BRH:1
end_of_record
TN:
SF:src\exceptions\AuthorizationException.ts
FN:4,(anonymous_6)
FN:6,AuthorizationException
FNF:2
FNH:2
FNDA:1,(anonymous_6)
FNDA:2,AuthorizationException
DA:4,1
DA:7,2
DA:8,2
DA:10,1
LF:4
LH:4
BRDA:7,0,0,2
BRDA:7,0,1,0
BRF:2
BRH:1
end_of_record
TN:
SF:src\exceptions\PermissionAlreadyExistsException.ts
FN:4,(anonymous_6)
FN:6,PermissionAlreadyExistsException
FNF:2
FNH:2
FNDA:1,(anonymous_6)
FNDA:2,PermissionAlreadyExistsException
DA:4,1
DA:7,2
DA:8,2
DA:10,1
LF:4
LH:4
BRDA:7,0,0,2
BRDA:7,0,1,0
BRF:2
BRH:1
end_of_record
TN:
SF:src\exceptions\PermissionNotFoundException.ts
FN:4,(anonymous_6)
FN:6,PermissionNotFoundException
FNF:2
FNH:2
FNDA:1,(anonymous_6)
FNDA:2,PermissionNotFoundException
DA:4,1
DA:7,2
DA:8,2
DA:10,1
LF:4
LH:4
BRDA:7,0,0,2
BRDA:7,0,1,0
BRF:2
BRH:1
end_of_record
TN:
SF:src\exceptions\RoleAlreadyExistsException.ts
FN:4,(anonymous_6)
FN:6,RoleAlreadyExistsException
FNF:2
FNH:2
FNDA:1,(anonymous_6)
FNDA:2,RoleAlreadyExistsException
DA:4,1
DA:7,2
DA:8,2
DA:10,1
LF:4
LH:4
BRDA:7,0,0,2
BRDA:7,0,1,0
BRF:2
BRH:1
end_of_record
TN:
SF:src\exceptions\RoleNotFoundException.ts
FN:4,(anonymous_6)
FN:6,RoleNotFoundException
FNF:2
FNH:2
FNDA:1,(anonymous_6)
FNDA:2,RoleNotFoundException
DA:4,1
DA:7,2
DA:8,2
DA:10,1
LF:4
LH:4
BRDA:7,0,0,2
BRDA:7,0,1,0
BRF:2
BRH:1
end_of_record
TN:
SF:src\exceptions\UserAlreadyExistsException.ts
FN:4,(anonymous_6)
FN:6,UserAlreadyExistsException
FNF:2
FNH:2
FNDA:1,(anonymous_6)
FNDA:2,UserAlreadyExistsException
DA:4,1
DA:7,2
DA:8,2
DA:10,1
LF:4
LH:4
BRDA:7,0,0,2
BRDA:7,0,1,0
BRF:2
BRH:1
end_of_record
TN:
SF:src\exceptions\UserNotFoundException.ts
FN:4,(anonymous_6)
FN:6,UserNotFoundException
FNF:2
FNH:2
FNDA:1,(anonymous_6)
FNDA:2,UserNotFoundException
DA:4,1
DA:7,2
DA:8,2
DA:10,1
LF:4
LH:4
BRDA:7,0,0,2
BRDA:7,0,1,0
BRF:2
BRH:1
end_of_record
TN:
SF:src\repository\AuthRepository.ts
FN:13,(anonymous_14)
FN:18,AuthRepository
FN:27,(anonymous_16)
FN:43,(anonymous_19)
FN:60,(anonymous_22)
FNF:5
FNH:5
FNDA:1,(anonymous_14)
FNDA:8,AuthRepository
FNDA:2,(anonymous_16)
FNDA:2,(anonymous_19)
FNDA:4,(anonymous_22)
DA:1,1
DA:2,1
DA:4,1
DA:5,1
DA:6,1
DA:7,1
DA:8,1
DA:13,1
DA:15,1
DA:19,8
DA:27,1
DA:28,2
DA:29,2
DA:31,4
DA:33,1
DA:43,1
DA:45,2
DA:49,1
DA:60,1
DA:61,4
DA:64,4
DA:70,1
DA:73,3
DA:74,1
DA:76,2
DA:77,1
DA:79,1
DA:81,1
LF:28
LH:28
BRDA:28,0,0,2
BRDA:45,1,0,2
BRDA:73,2,0,1
BRDA:76,3,0,1
BRF:4
BRH:4
end_of_record
TN:
SF:src\repository\PermissionRepository.ts
FN:9,(anonymous_14)
FN:13,PermissionRepository
FN:22,(anonymous_16)
FN:36,(anonymous_19)
FNF:4
FNH:4
FNDA:1,(anonymous_14)
FNDA:4,PermissionRepository
FNDA:2,(anonymous_16)
FNDA:2,(anonymous_19)
DA:1,1
DA:3,1
DA:4,1
DA:9,1
DA:14,4
DA:22,1
DA:24,4
DA:26,1
DA:36,1
DA:38,2
DA:42,1
DA:45,1
LF:12
LH:12
BRDA:38,0,0,2
BRF:1
BRH:1
end_of_record
TN:
SF:src\repository\RoleRepository.ts
FN:10,(anonymous_14)
FN:14,RoleRepository
FN:24,(anonymous_16)
FN:38,(anonymous_19)
FNF:4
FNH:4
FNDA:1,(anonymous_14)
FNDA:4,RoleRepository
FNDA:2,(anonymous_16)
FNDA:2,(anonymous_19)
DA:1,1
DA:3,1
DA:4,1
DA:10,1
DA:15,4
DA:24,1
DA:26,2
DA:28,1
DA:38,1
DA:40,2
DA:44,1
DA:47,1
LF:12
LH:12
BRDA:26,0,0,2
BRDA:40,1,0,2
BRF:2
BRH:2
end_of_record
TN:
SF:src\services\AuthService.ts
FN:15,(anonymous_14)
FN:19,AuthService
FN:29,(anonymous_16)
FN:50,(anonymous_19)
FN:58,(anonymous_22)
FN:60,(anonymous_23)
FNF:6
FNH:6
FNDA:1,(anonymous_14)
FNDA:3,AuthService
FNDA:2,(anonymous_16)
FNDA:1,(anonymous_19)
FNDA:1,(anonymous_22)
FNDA:1,(anonymous_23)
DA:2,1
DA:3,1
DA:4,1
DA:6,1
DA:7,1
DA:8,1
DA:9,1
DA:15,1
DA:20,3
DA:29,1
DA:30,2
DA:31,2
DA:32,1
DA:34,2
DA:37,1
DA:50,1
DA:52,1
DA:55,1
DA:56,1
DA:57,1
DA:58,1
DA:59,1
DA:60,1
DA:61,1
DA:64,1
DA:66,1
DA:70,1
DA:76,1
LF:28
LH:28
BRDA:30,0,0,2
BRDA:31,1,0,1
BRDA:52,2,0,1
BRF:3
BRH:3
end_of_record
TN:
SF:src\services\PermissionService.ts
FN:10,(anonymous_13)
FN:14,PermissionService
FN:23,(anonymous_15)
FN:37,(anonymous_18)
FNF:4
FNH:4
FNDA:1,(anonymous_13)
FNDA:4,PermissionService
FNDA:2,(anonymous_15)
FNDA:2,(anonymous_18)
DA:1,1
DA:2,1
DA:3,1
DA:5,1
DA:10,1
DA:15,4
DA:23,1
DA:24,2
DA:25,2
DA:26,1
DA:28,2
DA:37,1
DA:38,2
DA:39,2
DA:40,1
DA:42,1
DA:44,1
LF:17
LH:17
BRDA:24,0,0,2
BRDA:25,1,0,1
BRDA:38,2,0,2
BRDA:39,3,0,1
BRF:4
BRH:4
end_of_record
TN:
SF:src\services\RoleService.ts
FN:11,(anonymous_13)
FN:15,RoleService
FN:24,(anonymous_15)
FN:38,(anonymous_18)
FNF:4
FNH:4
FNDA:1,(anonymous_13)
FNDA:4,RoleService
FNDA:2,(anonymous_15)
FNDA:2,(anonymous_18)
DA:1,1
DA:2,1
DA:3,1
DA:5,1
DA:11,1
DA:16,4
DA:24,1
DA:25,2
DA:26,2
DA:27,1
DA:29,2
DA:38,1
DA:39,2
DA:40,2
DA:41,1
DA:43,1
DA:45,1
LF:17
LH:17
BRDA:25,0,0,2
BRDA:26,1,0,1
BRDA:39,2,0,2
BRDA:40,3,0,1
BRF:4
BRH:4
end_of_record
TN:
SF:src\utils\constants.ts
FNF:0
FNH:0
DA:5,1
DA:7,1
DA:8,1
DA:9,1
DA:11,1
DA:13,1
DA:14,1
DA:15,1
DA:17,1
DA:18,1
LF:10
LH:10
BRDA:5,0,0,1
BRDA:5,0,1,1
BRF:2
BRH:2
end_of_record
